/;0.25;0.13;49%;hd4
/usr;2.00;0.56;73%;hd2
/var;1.25;1.13;10%;hd9var
/tmp;3.00;0.90;70%;hd3
/home;1.00;0.69;32%;hd1
/opt;0.25;0.14;44%;hd10opt
/usr/ecc;1.75;1.33;24%;lvusrecc
/savecfg;2.62;2.09;21%;lv_savecfg
/ficsav/A2_DEBUG;64.00;8.68;87%;lv_a2debug
/apps;1.06;0.19;82%;fslv02
/apps/usd/4.0;0.38;0.34;11%;fslv03
/apps/unikix;0.44;0.12;73%;lv_unikix
/apps/unicenter;0.75;0.42;45%;fslv04
/apps/unicenter/EM/3.1/opr/logs;0.62;0.40;36%;fslv06
/apps/unicenter/EM/3.1/bases;0.31;0.14;56%;fslv05
/apps/unicenter/AT/3.1/NewAgentScript;0.12;0.08;40%;fslv07
/apps/ua_candle;1.00;0.75;26%;lv_uacandle
/apps/tmp_candle;1.00;0.50;51%;lv_tmpcandle
/apps/sys/stat;0.62;0.61;3%;ls_stat
/apps/sys/log/stats/NMON;0.06;0.05;19%;fslv01
/apps/sys/back;5.00;4.34;14%;lv_mksysb
/apps/syncsort;0.06;0.03;50%;lv_syncsort
/apps/surfi/surf1;2.00;1.97;2%;lv_surf1
/apps/surfi/surf1/data_surfi;3.00;2.99;1%;lv_data_surfi
/apps/surfi/surf1/data_surfi/impr;2.00;1.99;1%;lv_surfi_impr
/apps/surfi/surf1/data_surfi/fic;5.00;5.00;1%;lv_surfi_fic
/apps/surfi/surf1/BankOffice/batch;9.00;7.96;12%;lv_surfi_batch
/apps/surfi/surf1/BankOffice/batch/recycl;4.00;3.11;23%;lv_surfi_batcyc
/apps/surfi/surf1/BankOffice/batch/log;7.00;6.97;1%;lv_surfi_batlog
/apps/savesite;1.94;1.88;4%;lv_savesite
/apps/savesite/savevbank/fic;15.12;14.89;2%;lv_tempovbank
/apps/orion;1.00;0.54;46%;lv_orion
/apps/oradbf;1.00;0.97;4%;lv_oradbf
/apps/oradbf/surfi;9.00;2.56;72%;lv_ora_surfi
/apps/oradbf/atsec;0.62;0.18;72%;lv_oraats
/apps/oradbf/atpr01;217.62;44.24;80%;lv_atpr01
/apps/oradbf/atmir01;30.00;29.06;4%;lv_atmir01
/apps/oradbf/atdr01;206.00;38.92;82%;lv_atdr01
/apps/oracle;0.50;0.33;35%;lvoracle
/apps/oracle/product/920;6.31;2.37;63%;lvoracle920
/apps/oracle/product/817;0.94;0.51;46%;lvoracle817
/apps/meoatlas2;1.00;0.91;10%;lvmeoatlas2
/apps/matl/packages;1.50;0.42;73%;lv_matl_pkg
/apps/matl/GDI;1.88;0.44;77%;lv_matlgdi
/apps/exploit;3.50;1.77;50%;lv_exploit
/apps/exploit/work;14.88;14.37;4%;lv_exploitwork
/apps/esm/6.5.3;0.50;0.23;55%;lv_esm
/apps/ead;2.88;1.00;66%;lv_ead
/apps/eTAC;0.44;0.33;25%;fslv08
/apps/convert;0.50;0.45;10%;lv_convert
/apps/cobol;0.25;0.06;75%;lv_cobol
/apps/cft_data;22.31;13.13;42%;lv_cft_data
/apps/cft;0.81;0.33;60%;lv_cft
/apps/atlas/atlas2v0;2.94;0.87;71%;lv_atlas2v0
/apps/atlas/atlas2v0/uf1;9.25;3.95;58%;lv_atl2v0uf1
/apps/atlas/atlas2v0/uf1/ficsav;64.00;8.68;87%;lv_uf1ficsav
/apps/atlas/atlas2v0/uf1/data1;20.88;11.99;43%;lv_uf1data1
/apps/atlas/atlas2v0/uf1/data1/infocdr;50.00;12.40;76%;lv_uf1data1infd
/apps/atlas/atlas2v0/uf1/data1/infoc;11.00;6.62;40%;lv_uf1data1info
/apps/atlas/atlas2v0/uf1/data1/imp;22.38;21.61;4%;lv_uf1data1imp
/apps/atlas/atlas2v0/uf1/data1/fic;124.12;57.51;54%;lv_uf1data1fic
/apps/atlas/atlas2v0/stat_kix;0.44;0.37;16%;lv_stat_unikix
/apps/arch;20.50;14.48;30%;lv_arch
/apps/amelia;8.00;7.05;12%;lv_amelia
/apps/OmniVision;0.12;0.10;23%;fslv00
/V40050;20.00;17.31;14%;lv_V40050
/apps/oradbf/backup;65.00;11.39;83%;lv_orabck
