
==========================================
OpenEdge Release 11.7.20 as of Thu Aug  8 10:06:00 EDT 2024


En cours de connexion à l'AdminServer Progress avec rmi://localhost:20931/Chimera (8280)
En cours de recherche de oapp_prod (8288)
En cours de connexion à oapp_prod (8276)
Arrêt inconditionnel oapp_prod. (8440)
FIN - 20250910-08:45:27
==========================================


==========================================
OpenEdge Release 11.7.20 as of Thu Aug  8 10:06:00 EDT 2024


En cours de connexion à l'AdminServer Progress avec rmi://localhost:20931/Chimera (8280)
En cours de recherche de oapp_prod (8288)
En cours de connexion à oapp_prod (8276)
Arrêt inconditionnel oapp_prod. (8440)
FIN - 20250910-09:07:26
==========================================


==========================================
OpenEdge Release 11.7.20 as of Thu Aug  8 10:06:00 EDT 2024


En cours de connexion à l'AdminServer Progress avec rmi://localhost:20931/Chimera (8280)
En cours de recherche de oapp_prod (8288)
En cours de connexion à oapp_prod (8276)
Arrêt inconditionnel oapp_prod. (8440)
FIN - 20250910-09:54:53
==========================================


==========================================
OpenEdge Release 11.7.20 as of Thu Aug  8 10:06:00 EDT 2024


En cours de connexion à l'AdminServer Progress avec rmi://localhost:20931/Chimera (8280)
En cours de recherche de oapp_prod (8288)
En cours de connexion à oapp_prod (8276)
Arrêt inconditionnel oapp_prod. (8440)
FIN - 20250910-10:04:24
==========================================


==========================================
OpenEdge Release 11.7.20 as of Thu Aug  8 10:06:00 EDT 2024


En cours de connexion à l'AdminServer Progress avec rmi://localhost:20931/Chimera (8280)
En cours de recherche de oapp_prod (8288)
En cours de connexion à oapp_prod (8276)
Arrêt inconditionnel oapp_prod. (8440)
FIN - 20250910-15:31:49
==========================================


==========================================
OpenEdge Release 11.7.20 as of Thu Aug  8 10:06:00 EDT 2024


En cours de connexion à l'AdminServer Progress avec rmi://localhost:20931/Chimera (8280)
En cours de recherche de oapp_prod (8288)
En cours de connexion à oapp_prod (8276)
Arrêt inconditionnel oapp_prod. (8440)
FIN - 20250910-15:53:57
==========================================


==========================================
OpenEdge Release 11.7.20 as of Thu Aug  8 10:06:00 EDT 2024


En cours de connexion à l'AdminServer Progress avec rmi://localhost:20931/Chimera (8280)
En cours de recherche de oapp_prod (8288)
En cours de connexion à oapp_prod (8276)
Arrêt inconditionnel oapp_prod. (8440)
FIN - 20250911-05:30:01
==========================================


==========================================
OpenEdge Release 11.7.20 as of Thu Aug  8 10:06:00 EDT 2024


En cours de connexion à l'AdminServer Progress avec rmi://localhost:20931/Chimera (8280)
En cours de recherche de oapp_prod (8288)
En cours de connexion à oapp_prod (8276)
Arrêt inconditionnel oapp_prod. (8440)
FIN - 20250911-12:02:08
==========================================


==========================================
OpenEdge Release 11.7.20 as of Thu Aug  8 10:06:00 EDT 2024


En cours de connexion à l'AdminServer Progress avec rmi://localhost:20931/Chimera (8280)
En cours de recherche de oapp_prod (8288)
En cours de connexion à oapp_prod (8276)
Arrêt inconditionnel oapp_prod. (8440)
FIN - 20250912-05:30:01
==========================================


==========================================
OpenEdge Release 11.7.20 as of Thu Aug  8 10:06:00 EDT 2024


En cours de connexion à l'AdminServer Progress avec rmi://localhost:20931/Chimera (8280)
En cours de recherche de oapp_prod (8288)
En cours de connexion à oapp_prod (8276)
Arrêt inconditionnel oapp_prod. (8440)
FIN - 20250912-12:37:41
==========================================


==========================================
OpenEdge Release 11.7.20 as of Thu Aug  8 10:06:00 EDT 2024


En cours de connexion à l'AdminServer Progress avec rmi://localhost:20931/Chimera (8280)
En cours de recherche de oapp_prod (8288)
En cours de connexion à oapp_prod (8276)
Arrêt inconditionnel oapp_prod. (8440)
FIN - 20250912-13:57:18
==========================================


==========================================
OpenEdge Release 11.7.20 as of Thu Aug  8 10:06:00 EDT 2024


En cours de connexion à l'AdminServer Progress avec rmi://localhost:20931/Chimera (8280)
En cours de recherche de oapp_prod (8288)
En cours de connexion à oapp_prod (8276)
Arrêt inconditionnel oapp_prod. (8440)
FIN - 20250913-05:30:02
==========================================


==========================================
OpenEdge Release 11.7.20 as of Thu Aug  8 10:06:00 EDT 2024


En cours de connexion à l'AdminServer Progress avec rmi://localhost:20931/Chimera (8280)
En cours de recherche de oapp_prod (8288)
En cours de connexion à oapp_prod (8276)
Arrêt inconditionnel oapp_prod. (8440)
FIN - 20250914-05:30:01
==========================================


==========================================
OpenEdge Release 11.7.20 as of Thu Aug  8 10:06:00 EDT 2024


En cours de connexion à l'AdminServer Progress avec rmi://localhost:20931/Chimera (8280)
En cours de recherche de oapp_prod (8288)
En cours de connexion à oapp_prod (8276)
Arrêt inconditionnel oapp_prod. (8440)
FIN - 20250915-05:30:01
==========================================


==========================================
OpenEdge Release 11.7.20 as of Thu Aug  8 10:06:00 EDT 2024


En cours de connexion à l'AdminServer Progress avec rmi://localhost:20931/Chimera (8280)
En cours de recherche de oapp_prod (8288)
En cours de connexion à oapp_prod (8276)
Arrêt inconditionnel oapp_prod. (8440)
FIN - 20250916-05:30:02
==========================================


==========================================
OpenEdge Release 11.7.20 as of Thu Aug  8 10:06:00 EDT 2024


En cours de connexion à l'AdminServer Progress avec rmi://localhost:20931/Chimera (8280)
En cours de recherche de oapp_prod (8288)
En cours de connexion à oapp_prod (8276)
Arrêt inconditionnel oapp_prod. (8440)
FIN - 20250917-05:30:02
==========================================


==========================================
OpenEdge Release 11.7.20 as of Thu Aug  8 10:06:00 EDT 2024


En cours de connexion à l'AdminServer Progress avec rmi://localhost:20931/Chimera (8280)
En cours de recherche de oapp_prod (8288)
En cours de connexion à oapp_prod (8276)
Arrêt inconditionnel oapp_prod. (8440)
FIN - 20250918-05:30:01
==========================================


==========================================
OpenEdge Release 11.7.20 as of Thu Aug  8 10:06:00 EDT 2024


En cours de connexion à l'AdminServer Progress avec rmi://localhost:20931/Chimera (8280)
En cours de recherche de oapp_prod (8288)
En cours de connexion à oapp_prod (8276)
Arrêt inconditionnel oapp_prod. (8440)
FIN - 20250919-05:30:02
==========================================


==========================================
OpenEdge Release 11.7.20 as of Thu Aug  8 10:06:00 EDT 2024


En cours de connexion à l'AdminServer Progress avec rmi://localhost:20931/Chimera (8280)
En cours de recherche de oapp_prod (8288)
En cours de connexion à oapp_prod (8276)
Arrêt inconditionnel oapp_prod. (8440)
FIN - 20250920-05:30:02
==========================================


==========================================
OpenEdge Release 11.7.20 as of Thu Aug  8 10:06:00 EDT 2024


En cours de connexion à l'AdminServer Progress avec rmi://localhost:20931/Chimera (8280)
En cours de recherche de oapp_prod (8288)
En cours de connexion à oapp_prod (8276)
Arrêt inconditionnel oapp_prod. (8440)
FIN - 20250921-05:30:02
==========================================


==========================================
OpenEdge Release 11.7.20 as of Thu Aug  8 10:06:00 EDT 2024


En cours de connexion à l'AdminServer Progress avec rmi://localhost:20931/Chimera (8280)
En cours de recherche de oapp_prod (8288)
En cours de connexion à oapp_prod (8276)
Arrêt inconditionnel oapp_prod. (8440)
FIN - 20250922-05:30:02
==========================================


==========================================
OpenEdge Release 11.7.20 as of Thu Aug  8 10:06:00 EDT 2024


En cours de connexion à l'AdminServer Progress avec rmi://localhost:20931/Chimera (8280)
En cours de recherche de oapp_prod (8288)
En cours de connexion à oapp_prod (8276)
Arrêt inconditionnel oapp_prod. (8440)
FIN - 20250923-05:30:02
==========================================


==========================================
OpenEdge Release 11.7.20 as of Thu Aug  8 10:06:00 EDT 2024


En cours de connexion à l'AdminServer Progress avec rmi://localhost:20931/Chimera (8280)
En cours de recherche de oapp_prod (8288)
En cours de connexion à oapp_prod (8276)
Arrêt inconditionnel oapp_prod. (8440)
FIN - 20250923-16:18:14
==========================================


==========================================
OpenEdge Release 11.7.20 as of Thu Aug  8 10:06:00 EDT 2024


En cours de connexion à l'AdminServer Progress avec rmi://localhost:20931/Chimera (8280)
En cours de recherche de oapp_prod (8288)
En cours de connexion à oapp_prod (8276)
Arrêt inconditionnel oapp_prod. (8440)
FIN - 20250924-05:30:02
==========================================


==========================================
OpenEdge Release 11.7.20 as of Thu Aug  8 10:06:00 EDT 2024


En cours de connexion à l'AdminServer Progress avec rmi://localhost:20931/Chimera (8280)
En cours de recherche de oapp_prod (8288)
En cours de connexion à oapp_prod (8276)
Arrêt inconditionnel oapp_prod. (8440)
FIN - 20250925-05:30:02
==========================================


==========================================
OpenEdge Release 11.7.20 as of Thu Aug  8 10:06:00 EDT 2024


En cours de connexion à l'AdminServer Progress avec rmi://localhost:20931/Chimera (8280)
En cours de recherche de oapp_prod (8288)
En cours de connexion à oapp_prod (8276)
Arrêt inconditionnel oapp_prod. (8440)
FIN - 20250926-05:30:01
==========================================


==========================================
OpenEdge Release 11.7.20 as of Thu Aug  8 10:06:00 EDT 2024


En cours de connexion à l'AdminServer Progress avec rmi://localhost:20931/Chimera (8280)
En cours de recherche de oapp_prod (8288)
En cours de connexion à oapp_prod (8276)
Arrêt inconditionnel oapp_prod. (8440)
FIN - 20250926-14:15:31
==========================================


==========================================
OpenEdge Release 11.7.20 as of Thu Aug  8 10:06:00 EDT 2024


En cours de connexion à l'AdminServer Progress avec rmi://localhost:20931/Chimera (8280)
En cours de recherche de oapp_prod (8288)
En cours de connexion à oapp_prod (8276)
Arrêt inconditionnel oapp_prod. (8440)
FIN - 20250927-05:30:02
==========================================


==========================================
OpenEdge Release 11.7.20 as of Thu Aug  8 10:06:00 EDT 2024


En cours de connexion à l'AdminServer Progress avec rmi://localhost:20931/Chimera (8280)
En cours de recherche de oapp_prod (8288)
En cours de connexion à oapp_prod (8276)
Arrêt inconditionnel oapp_prod. (8440)
FIN - 20250928-05:30:01
==========================================


==========================================
OpenEdge Release 11.7.20 as of Thu Aug  8 10:06:00 EDT 2024


En cours de connexion à l'AdminServer Progress avec rmi://localhost:20931/Chimera (8280)
En cours de recherche de oapp_prod (8288)
En cours de connexion à oapp_prod (8276)
Arrêt inconditionnel oapp_prod. (8440)
FIN - 20250929-05:30:01
==========================================


==========================================
OpenEdge Release 11.7.20 as of Thu Aug  8 10:06:00 EDT 2024


En cours de connexion à l'AdminServer Progress avec rmi://localhost:20931/Chimera (8280)
En cours de recherche de oapp_prod (8288)
En cours de connexion à oapp_prod (8276)
Arrêt inconditionnel oapp_prod. (8440)
FIN - 20250930-05:30:01
==========================================


==========================================
OpenEdge Release 11.7.20 as of Thu Aug  8 10:06:00 EDT 2024


En cours de connexion à l'AdminServer Progress avec rmi://localhost:20931/Chimera (8280)
En cours de recherche de oapp_prod (8288)
En cours de connexion à oapp_prod (8276)
Arrêt inconditionnel oapp_prod. (8440)
FIN - 20251001-05:30:01
==========================================


==========================================
OpenEdge Release 11.7.20 as of Thu Aug  8 10:06:00 EDT 2024


En cours de connexion à l'AdminServer Progress avec rmi://localhost:20931/Chimera (8280)
En cours de recherche de oapp_prod (8288)
En cours de connexion à oapp_prod (8276)
Arrêt inconditionnel oapp_prod. (8440)
FIN - 20251001-08:38:41
==========================================


==========================================
OpenEdge Release 11.7.20 as of Thu Aug  8 10:06:00 EDT 2024


En cours de connexion à l'AdminServer Progress avec rmi://localhost:20931/Chimera (8280)
En cours de recherche de oapp_prod (8288)
En cours de connexion à oapp_prod (8276)
Arrêt inconditionnel oapp_prod. (8440)
FIN - 20251002-05:30:02
==========================================


==========================================
OpenEdge Release 11.7.20 as of Thu Aug  8 10:06:00 EDT 2024


En cours de connexion à l'AdminServer Progress avec rmi://localhost:20931/Chimera (8280)
En cours de recherche de oapp_prod (8288)
En cours de connexion à oapp_prod (8276)
Arrêt inconditionnel oapp_prod. (8440)
FIN - 20251003-05:30:01
==========================================


==========================================
OpenEdge Release 11.7.20 as of Thu Aug  8 10:06:00 EDT 2024


En cours de connexion à l'AdminServer Progress avec rmi://localhost:20931/Chimera (8280)
En cours de recherche de oapp_prod (8288)
En cours de connexion à oapp_prod (8276)
Arrêt inconditionnel oapp_prod. (8440)
FIN - 20251004-05:30:02
==========================================


==========================================
OpenEdge Release 11.7.20 as of Thu Aug  8 10:06:00 EDT 2024


En cours de connexion à l'AdminServer Progress avec rmi://localhost:20931/Chimera (8280)
En cours de recherche de oapp_prod (8288)
En cours de connexion à oapp_prod (8276)
Arrêt inconditionnel oapp_prod. (8440)
FIN - 20251005-05:30:01
==========================================


==========================================
OpenEdge Release 11.7.20 as of Thu Aug  8 10:06:00 EDT 2024


En cours de connexion à l'AdminServer Progress avec rmi://localhost:20931/Chimera (8280)
En cours de recherche de oapp_prod (8288)
En cours de connexion à oapp_prod (8276)
Arrêt inconditionnel oapp_prod. (8440)
FIN - 20251006-05:30:02
==========================================


==========================================
OpenEdge Release 11.7.20 as of Thu Aug  8 10:06:00 EDT 2024


En cours de connexion à l'AdminServer Progress avec rmi://localhost:20931/Chimera (8280)
En cours de recherche de oapp_prod (8288)
En cours de connexion à oapp_prod (8276)
Arrêt inconditionnel oapp_prod. (8440)
FIN - 20251007-05:30:02
==========================================


==========================================
OpenEdge Release 11.7.20 as of Thu Aug  8 10:06:00 EDT 2024


En cours de connexion à l'AdminServer Progress avec rmi://localhost:20931/Chimera (8280)
En cours de recherche de oapp_prod (8288)
En cours de connexion à oapp_prod (8276)
Arrêt inconditionnel oapp_prod. (8440)
FIN - 20251008-05:30:01
==========================================


==========================================
OpenEdge Release 11.7.20 as of Thu Aug  8 10:06:00 EDT 2024


En cours de connexion à l'AdminServer Progress avec rmi://localhost:20931/Chimera (8280)
En cours de recherche de oapp_prod (8288)
En cours de connexion à oapp_prod (8276)
Arrêt inconditionnel oapp_prod. (8440)
FIN - 20251009-05:30:01
==========================================


==========================================
OpenEdge Release 11.7.20 as of Thu Aug  8 10:06:00 EDT 2024


En cours de connexion à l'AdminServer Progress avec rmi://localhost:20931/Chimera (8280)
En cours de recherche de oapp_prod (8288)
En cours de connexion à oapp_prod (8276)
Arrêt inconditionnel oapp_prod. (8440)
FIN - 20251010-05:30:02
==========================================


==========================================
OpenEdge Release 11.7.20 as of Thu Aug  8 10:06:00 EDT 2024


En cours de connexion à l'AdminServer Progress avec rmi://localhost:20931/Chimera (8280)
En cours de recherche de oapp_prod (8288)
En cours de connexion à oapp_prod (8276)
Arrêt inconditionnel oapp_prod. (8440)
FIN - 20251011-05:30:02
==========================================


==========================================
OpenEdge Release 11.7.20 as of Thu Aug  8 10:06:00 EDT 2024


En cours de connexion à l'AdminServer Progress avec rmi://localhost:20931/Chimera (8280)
En cours de recherche de oapp_prod (8288)
En cours de connexion à oapp_prod (8276)
Arrêt inconditionnel oapp_prod. (8440)
FIN - 20251012-05:30:02
==========================================


==========================================
OpenEdge Release 11.7.20 as of Thu Aug  8 10:06:00 EDT 2024


En cours de connexion à l'AdminServer Progress avec rmi://localhost:20931/Chimera (8280)
En cours de recherche de oapp_prod (8288)
En cours de connexion à oapp_prod (8276)
Arrêt inconditionnel oapp_prod. (8440)
FIN - 20251013-05:30:02
==========================================


==========================================
OpenEdge Release 11.7.20 as of Thu Aug  8 10:06:00 EDT 2024


En cours de connexion à l'AdminServer Progress avec rmi://localhost:20931/Chimera (8280)
En cours de recherche de oapp_prod (8288)
En cours de connexion à oapp_prod (8276)
Arrêt inconditionnel oapp_prod. (8440)
FIN - 20251014-05:30:01
==========================================


==========================================
OpenEdge Release 11.7.20 as of Thu Aug  8 10:06:00 EDT 2024


En cours de connexion à l'AdminServer Progress avec rmi://localhost:20931/Chimera (8280)
En cours de recherche de oapp_prod (8288)
En cours de connexion à oapp_prod (8276)
Arrêt inconditionnel oapp_prod. (8440)
FIN - 20251015-05:30:01
==========================================


==========================================
OpenEdge Release 11.7.20 as of Thu Aug  8 10:06:00 EDT 2024


En cours de connexion à l'AdminServer Progress avec rmi://localhost:20931/Chimera (8280)
En cours de recherche de oapp_prod (8288)
En cours de connexion à oapp_prod (8276)
Arrêt inconditionnel oapp_prod. (8440)
FIN - 20251016-05:30:01
==========================================


==========================================
OpenEdge Release 11.7.20 as of Thu Aug  8 10:06:00 EDT 2024


En cours de connexion à l'AdminServer Progress avec rmi://localhost:20931/Chimera (8280)
En cours de recherche de oapp_prod (8288)
En cours de connexion à oapp_prod (8276)
Arrêt inconditionnel oapp_prod. (8440)
FIN - 20251017-05:30:02
==========================================


==========================================
OpenEdge Release 11.7.20 as of Thu Aug  8 10:06:00 EDT 2024


En cours de connexion à l'AdminServer Progress avec rmi://localhost:20931/Chimera (8280)
En cours de recherche de oapp_prod (8288)
En cours de connexion à oapp_prod (8276)
Arrêt inconditionnel oapp_prod. (8440)
FIN - 20251018-05:30:02
==========================================


==========================================
OpenEdge Release 11.7.20 as of Thu Aug  8 10:06:00 EDT 2024


En cours de connexion à l'AdminServer Progress avec rmi://localhost:20931/Chimera (8280)
En cours de recherche de oapp_prod (8288)
En cours de connexion à oapp_prod (8276)
Arrêt inconditionnel oapp_prod. (8440)
FIN - 20251019-05:30:02
==========================================


==========================================
OpenEdge Release 11.7.20 as of Thu Aug  8 10:06:00 EDT 2024


En cours de connexion à l'AdminServer Progress avec rmi://localhost:20931/Chimera (8280)
En cours de recherche de oapp_prod (8288)
En cours de connexion à oapp_prod (8276)
Arrêt inconditionnel oapp_prod. (8440)
FIN - 20251020-05:30:02
==========================================


==========================================
OpenEdge Release 11.7.20 as of Thu Aug  8 10:06:00 EDT 2024


En cours de connexion à l'AdminServer Progress avec rmi://localhost:20931/Chimera (8280)
En cours de recherche de oapp_prod (8288)
En cours de connexion à oapp_prod (8276)
Arrêt inconditionnel oapp_prod. (8440)
FIN - 20251021-05:30:02
==========================================


==========================================
OpenEdge Release 11.7.20 as of Thu Aug  8 10:06:00 EDT 2024


En cours de connexion à l'AdminServer Progress avec rmi://localhost:20931/Chimera (8280)
En cours de recherche de oapp_prod (8288)
En cours de connexion à oapp_prod (8276)
Arrêt inconditionnel oapp_prod. (8440)
FIN - 20251022-05:30:02
==========================================


==========================================
OpenEdge Release 11.7.20 as of Thu Aug  8 10:06:00 EDT 2024


En cours de connexion à l'AdminServer Progress avec rmi://localhost:20931/Chimera (8280)
En cours de recherche de oapp_prod (8288)
En cours de connexion à oapp_prod (8276)
Arrêt inconditionnel oapp_prod. (8440)
FIN - 20251023-05:30:01
==========================================


==========================================
OpenEdge Release 11.7.20 as of Thu Aug  8 10:06:00 EDT 2024


En cours de connexion à l'AdminServer Progress avec rmi://localhost:20931/Chimera (8280)
En cours de recherche de oapp_prod (8288)
En cours de connexion à oapp_prod (8276)
Arrêt inconditionnel oapp_prod. (8440)
FIN - 20251024-05:30:01
==========================================


==========================================
OpenEdge Release 11.7.20 as of Thu Aug  8 10:06:00 EDT 2024


En cours de connexion à l'AdminServer Progress avec rmi://localhost:20931/Chimera (8280)
En cours de recherche de oapp_prod (8288)
En cours de connexion à oapp_prod (8276)
Arrêt inconditionnel oapp_prod. (8440)
FIN - 20251025-05:30:02
==========================================


==========================================
OpenEdge Release 11.7.20 as of Thu Aug  8 10:06:00 EDT 2024


En cours de connexion à l'AdminServer Progress avec rmi://localhost:20931/Chimera (8280)
En cours de recherche de oapp_prod (8288)
En cours de connexion à oapp_prod (8276)
Arrêt inconditionnel oapp_prod. (8440)
FIN - 20251026-05:30:02
==========================================


==========================================
OpenEdge Release 11.7.20 as of Thu Aug  8 10:06:00 EDT 2024


En cours de connexion à l'AdminServer Progress avec rmi://localhost:20931/Chimera (8280)
En cours de recherche de oapp_prod (8288)
En cours de connexion à oapp_prod (8276)
Arrêt inconditionnel oapp_prod. (8440)
FIN - 20251027-05:30:02
==========================================


==========================================
OpenEdge Release 11.7.20 as of Thu Aug  8 10:06:00 EDT 2024


En cours de connexion à l'AdminServer Progress avec rmi://localhost:20931/Chimera (8280)
En cours de recherche de oapp_prod (8288)
En cours de connexion à oapp_prod (8276)
Arrêt inconditionnel oapp_prod. (8440)
FIN - 20251028-05:30:01
==========================================


==========================================
OpenEdge Release 11.7.20 as of Thu Aug  8 10:06:00 EDT 2024


En cours de connexion à l'AdminServer Progress avec rmi://localhost:20931/Chimera (8280)
En cours de recherche de oapp_prod (8288)
En cours de connexion à oapp_prod (8276)
Arrêt inconditionnel oapp_prod. (8440)
FIN - 20251028-21:20:00
==========================================


==========================================
OpenEdge Release 11.7.20 as of Thu Aug  8 10:06:00 EDT 2024


En cours de connexion à l'AdminServer Progress avec rmi://localhost:20931/Chimera (8280)
En cours de recherche de oapp_prod (8288)
En cours de connexion à oapp_prod (8276)
oapp_prod n'est pas en état de marche (8313)
FIN - 20251029-05:30:02
==========================================


==========================================
OpenEdge Release 11.7.20 as of Thu Aug  8 10:06:00 EDT 2024


En cours de connexion à l'AdminServer Progress avec rmi://localhost:20931/Chimera (8280)
En cours de recherche de oapp_prod (8288)
En cours de connexion à oapp_prod (8276)
Arrêt inconditionnel oapp_prod. (8440)
FIN - 20251029-08:20:16
==========================================


==========================================
OpenEdge Release 11.7.20 as of Thu Aug  8 10:06:00 EDT 2024


En cours de connexion à l'AdminServer Progress avec rmi://localhost:20931/Chimera (8280)
En cours de recherche de oapp_prod (8288)
En cours de connexion à oapp_prod (8276)
oapp_prod n'est pas en état de marche (8313)
FIN - 20251029-09:06:34
==========================================


==========================================
OpenEdge Release 11.7.20 as of Thu Aug  8 10:06:00 EDT 2024


En cours de connexion à l'AdminServer Progress avec rmi://localhost:20931/Chimera (8280)
En cours de recherche de oapp_prod (8288)
En cours de connexion à oapp_prod (8276)
Arrêt inconditionnel oapp_prod. (8440)
FIN - 20251030-05:30:02
==========================================


==========================================
OpenEdge Release 11.7.20 as of Thu Aug  8 10:06:00 EDT 2024


En cours de connexion à l'AdminServer Progress avec rmi://localhost:20931/Chimera (8280)
En cours de recherche de oapp_prod (8288)
En cours de connexion à oapp_prod (8276)
Arrêt inconditionnel oapp_prod. (8440)
FIN - 20251031-05:30:02
==========================================


==========================================
OpenEdge Release 11.7.20 as of Thu Aug  8 10:06:00 EDT 2024


En cours de connexion à l'AdminServer Progress avec rmi://localhost:20931/Chimera (8280)
En cours de recherche de oapp_prod (8288)
En cours de connexion à oapp_prod (8276)
Arrêt inconditionnel oapp_prod. (8440)
FIN - 20251101-05:30:02
==========================================


==========================================
OpenEdge Release 11.7.20 as of Thu Aug  8 10:06:00 EDT 2024


En cours de connexion à l'AdminServer Progress avec rmi://localhost:20931/Chimera (8280)
En cours de recherche de oapp_prod (8288)
En cours de connexion à oapp_prod (8276)
Arrêt inconditionnel oapp_prod. (8440)
FIN - 20251102-05:30:01
==========================================


==========================================
OpenEdge Release 11.7.20 as of Thu Aug  8 10:06:00 EDT 2024


En cours de connexion à l'AdminServer Progress avec rmi://localhost:20931/Chimera (8280)
En cours de recherche de oapp_prod (8288)
En cours de connexion à oapp_prod (8276)
Arrêt inconditionnel oapp_prod. (8440)
FIN - 20251103-05:30:02
==========================================


==========================================
OpenEdge Release 11.7.20 as of Thu Aug  8 10:06:00 EDT 2024


En cours de connexion à l'AdminServer Progress avec rmi://localhost:20931/Chimera (8280)
En cours de recherche de oapp_prod (8288)
En cours de connexion à oapp_prod (8276)
Arrêt inconditionnel oapp_prod. (8440)
FIN - 20251104-05:30:02
==========================================


==========================================
OpenEdge Release 11.7.20 as of Thu Aug  8 10:06:00 EDT 2024


En cours de connexion à l'AdminServer Progress avec rmi://localhost:20931/Chimera (8280)
En cours de recherche de oapp_prod (8288)
En cours de connexion à oapp_prod (8276)
Arrêt inconditionnel oapp_prod. (8440)
FIN - 20251105-05:30:01
==========================================


==========================================
OpenEdge Release 11.7.20 as of Thu Aug  8 10:06:00 EDT 2024


En cours de connexion à l'AdminServer Progress avec rmi://localhost:20931/Chimera (8280)
En cours de recherche de oapp_prod (8288)
En cours de connexion à oapp_prod (8276)
Arrêt inconditionnel oapp_prod. (8440)
FIN - 20251106-05:30:02
==========================================


==========================================
OpenEdge Release 11.7.20 as of Thu Aug  8 10:06:00 EDT 2024


En cours de connexion à l'AdminServer Progress avec rmi://localhost:20931/Chimera (8280)
En cours de recherche de oapp_prod (8288)
En cours de connexion à oapp_prod (8276)
Arrêt inconditionnel oapp_prod. (8440)
FIN - 20251107-05:30:01
==========================================


==========================================
OpenEdge Release 11.7.20 as of Thu Aug  8 10:06:00 EDT 2024


En cours de connexion à l'AdminServer Progress avec rmi://localhost:20931/Chimera (8280)
En cours de recherche de oapp_prod (8288)
En cours de connexion à oapp_prod (8276)
Arrêt inconditionnel oapp_prod. (8440)
FIN - 20251108-05:30:02
==========================================


==========================================
OpenEdge Release 11.7.20 as of Thu Aug  8 10:06:00 EDT 2024


En cours de connexion à l'AdminServer Progress avec rmi://localhost:20931/Chimera (8280)
En cours de recherche de oapp_prod (8288)
En cours de connexion à oapp_prod (8276)
Arrêt inconditionnel oapp_prod. (8440)
FIN - 20251109-05:30:02
==========================================


==========================================
OpenEdge Release 11.7.20 as of Thu Aug  8 10:06:00 EDT 2024


En cours de connexion à l'AdminServer Progress avec rmi://localhost:20931/Chimera (8280)
En cours de recherche de oapp_prod (8288)
En cours de connexion à oapp_prod (8276)
Arrêt inconditionnel oapp_prod. (8440)
FIN - 20251110-05:30:01
==========================================


==========================================
OpenEdge Release 11.7.20 as of Thu Aug  8 10:06:00 EDT 2024


En cours de connexion à l'AdminServer Progress avec rmi://localhost:20931/Chimera (8280)
En cours de recherche de oapp_prod (8288)
En cours de connexion à oapp_prod (8276)
Arrêt inconditionnel oapp_prod. (8440)
FIN - 20251111-05:30:02
==========================================


==========================================
OpenEdge Release 11.7.20 as of Thu Aug  8 10:06:00 EDT 2024


En cours de connexion à l'AdminServer Progress avec rmi://localhost:20931/Chimera (8280)
En cours de recherche de oapp_prod (8288)
En cours de connexion à oapp_prod (8276)
Arrêt inconditionnel oapp_prod. (8440)
FIN - 20251112-05:30:02
==========================================


==========================================
OpenEdge Release 11.7.20 as of Thu Aug  8 10:06:00 EDT 2024


En cours de connexion à l'AdminServer Progress avec rmi://localhost:20931/Chimera (8280)
En cours de recherche de oapp_prod (8288)
En cours de connexion à oapp_prod (8276)
Arrêt inconditionnel oapp_prod. (8440)
FIN - 20251113-05:30:01
==========================================


==========================================
OpenEdge Release 11.7.20 as of Thu Aug  8 10:06:00 EDT 2024


En cours de connexion à l'AdminServer Progress avec rmi://localhost:20931/Chimera (8280)
En cours de recherche de oapp_prod (8288)
En cours de connexion à oapp_prod (8276)
Arrêt inconditionnel oapp_prod. (8440)
FIN - 20251114-05:30:02
==========================================


==========================================
OpenEdge Release 11.7.20 as of Thu Aug  8 10:06:00 EDT 2024


En cours de connexion à l'AdminServer Progress avec rmi://localhost:20931/Chimera (8280)
En cours de recherche de oapp_prod (8288)
En cours de connexion à oapp_prod (8276)
Arrêt inconditionnel oapp_prod. (8440)
FIN - 20251115-05:30:02
==========================================


==========================================
OpenEdge Release 11.7.20 as of Thu Aug  8 10:06:00 EDT 2024


En cours de connexion à l'AdminServer Progress avec rmi://localhost:20931/Chimera (8280)
En cours de recherche de oapp_prod (8288)
En cours de connexion à oapp_prod (8276)
Arrêt inconditionnel oapp_prod. (8440)
FIN - 20251116-05:30:01
==========================================


==========================================
OpenEdge Release 11.7.20 as of Thu Aug  8 10:06:00 EDT 2024


En cours de connexion à l'AdminServer Progress avec rmi://localhost:20931/Chimera (8280)
En cours de recherche de oapp_prod (8288)
En cours de connexion à oapp_prod (8276)
Arrêt inconditionnel oapp_prod. (8440)
FIN - 20251117-05:30:02
==========================================


==========================================
OpenEdge Release 11.7.20 as of Thu Aug  8 10:06:00 EDT 2024


En cours de connexion à l'AdminServer Progress avec rmi://localhost:20931/Chimera (8280)
En cours de recherche de oapp_prod (8288)
En cours de connexion à oapp_prod (8276)
Arrêt inconditionnel oapp_prod. (8440)
FIN - 20251118-05:30:02
==========================================


==========================================
OpenEdge Release 11.7.20 as of Thu Aug  8 10:06:00 EDT 2024


En cours de connexion à l'AdminServer Progress avec rmi://localhost:20931/Chimera (8280)
En cours de recherche de oapp_prod (8288)
En cours de connexion à oapp_prod (8276)
Arrêt inconditionnel oapp_prod. (8440)
FIN - 20251119-05:30:02
==========================================


==========================================
OpenEdge Release 11.7.20 as of Thu Aug  8 10:06:00 EDT 2024


En cours de connexion à l'AdminServer Progress avec rmi://localhost:20931/Chimera (8280)
En cours de recherche de oapp_prod (8288)
En cours de connexion à oapp_prod (8276)
Arrêt inconditionnel oapp_prod. (8440)
FIN - 20251120-05:30:02
==========================================


==========================================
OpenEdge Release 11.7.20 as of Thu Aug  8 10:06:00 EDT 2024


En cours de connexion à l'AdminServer Progress avec rmi://localhost:20931/Chimera (8280)
En cours de recherche de oapp_prod (8288)
En cours de connexion à oapp_prod (8276)
Arrêt inconditionnel oapp_prod. (8440)
FIN - 20251121-05:30:02
==========================================


==========================================
OpenEdge Release 11.7.20 as of Thu Aug  8 10:06:00 EDT 2024


En cours de connexion à l'AdminServer Progress avec rmi://localhost:20931/Chimera (8280)
En cours de recherche de oapp_prod (8288)
En cours de connexion à oapp_prod (8276)
Arrêt inconditionnel oapp_prod. (8440)
FIN - 20251122-05:30:02
==========================================


==========================================
OpenEdge Release 11.7.20 as of Thu Aug  8 10:06:00 EDT 2024


En cours de connexion à l'AdminServer Progress avec rmi://localhost:20931/Chimera (8280)
En cours de recherche de oapp_prod (8288)
En cours de connexion à oapp_prod (8276)
Arrêt inconditionnel oapp_prod. (8440)
FIN - 20251123-05:30:01
==========================================


==========================================
OpenEdge Release 11.7.20 as of Thu Aug  8 10:06:00 EDT 2024


En cours de connexion à l'AdminServer Progress avec rmi://localhost:20931/Chimera (8280)
En cours de recherche de oapp_prod (8288)
En cours de connexion à oapp_prod (8276)
Arrêt inconditionnel oapp_prod. (8440)
FIN - 20251124-05:30:01
==========================================


==========================================
OpenEdge Release 11.7.20 as of Thu Aug  8 10:06:00 EDT 2024


En cours de connexion à l'AdminServer Progress avec rmi://localhost:20931/Chimera (8280)
En cours de recherche de oapp_prod (8288)
En cours de connexion à oapp_prod (8276)
Arrêt inconditionnel oapp_prod. (8440)
FIN - 20251125-05:30:02
==========================================


==========================================
OpenEdge Release 11.7.20 as of Thu Aug  8 10:06:00 EDT 2024


En cours de connexion à l'AdminServer Progress avec rmi://localhost:20931/Chimera (8280)
En cours de recherche de oapp_prod (8288)
En cours de connexion à oapp_prod (8276)
Arrêt inconditionnel oapp_prod. (8440)
FIN - 20251126-05:30:02
==========================================


==========================================
OpenEdge Release 11.7.20 as of Thu Aug  8 10:06:00 EDT 2024


En cours de connexion à l'AdminServer Progress avec rmi://localhost:20931/Chimera (8280)
En cours de recherche de oapp_prod (8288)
En cours de connexion à oapp_prod (8276)
Arrêt inconditionnel oapp_prod. (8440)
FIN - 20251127-05:30:02
==========================================


==========================================
OpenEdge Release 11.7.20 as of Thu Aug  8 10:06:00 EDT 2024


En cours de connexion à l'AdminServer Progress avec rmi://localhost:20931/Chimera (8280)
En cours de recherche de oapp_prod (8288)
En cours de connexion à oapp_prod (8276)
Arrêt inconditionnel oapp_prod. (8440)
FIN - 20251128-05:30:02
==========================================


==========================================
OpenEdge Release 11.7.20 as of Thu Aug  8 10:06:00 EDT 2024


En cours de connexion à l'AdminServer Progress avec rmi://localhost:20931/Chimera (8280)
En cours de recherche de oapp_prod (8288)
En cours de connexion à oapp_prod (8276)
Arrêt inconditionnel oapp_prod. (8440)
FIN - 20251129-05:30:02
==========================================


==========================================
OpenEdge Release 11.7.20 as of Thu Aug  8 10:06:00 EDT 2024


En cours de connexion à l'AdminServer Progress avec rmi://localhost:20931/Chimera (8280)
En cours de recherche de oapp_prod (8288)
En cours de connexion à oapp_prod (8276)
Arrêt inconditionnel oapp_prod. (8440)
FIN - 20251130-05:30:02
==========================================


==========================================
OpenEdge Release 11.7.20 as of Thu Aug  8 10:06:00 EDT 2024


En cours de connexion à l'AdminServer Progress avec rmi://localhost:20931/Chimera (8280)
En cours de recherche de oapp_prod (8288)
En cours de connexion à oapp_prod (8276)
Arrêt inconditionnel oapp_prod. (8440)
FIN - 20251201-05:30:01
==========================================


==========================================
OpenEdge Release 11.7.20 as of Thu Aug  8 10:06:00 EDT 2024


En cours de connexion à l'AdminServer Progress avec rmi://localhost:20931/Chimera (8280)
En cours de recherche de oapp_prod (8288)
En cours de connexion à oapp_prod (8276)
Arrêt inconditionnel oapp_prod. (8440)
FIN - 20251202-05:30:02
==========================================


==========================================
OpenEdge Release 11.7.20 as of Thu Aug  8 10:06:00 EDT 2024


En cours de connexion à l'AdminServer Progress avec rmi://localhost:20931/Chimera (8280)
En cours de recherche de oapp_prod (8288)
En cours de connexion à oapp_prod (8276)
Arrêt inconditionnel oapp_prod. (8440)
FIN - 20251203-05:30:02
==========================================


==========================================
OpenEdge Release 11.7.20 as of Thu Aug  8 10:06:00 EDT 2024


En cours de connexion à l'AdminServer Progress avec rmi://localhost:20931/Chimera (8280)
En cours de recherche de oapp_prod (8288)
En cours de connexion à oapp_prod (8276)
Arrêt inconditionnel oapp_prod. (8440)
FIN - 20251204-05:30:02
==========================================


==========================================
OpenEdge Release 11.7.20 as of Thu Aug  8 10:06:00 EDT 2024


En cours de connexion à l'AdminServer Progress avec rmi://localhost:20931/Chimera (8280)
En cours de recherche de oapp_prod (8288)
En cours de connexion à oapp_prod (8276)
Arrêt inconditionnel oapp_prod. (8440)
FIN - 20251205-05:30:02
==========================================


==========================================
OpenEdge Release 11.7.20 as of Thu Aug  8 10:06:00 EDT 2024


En cours de connexion à l'AdminServer Progress avec rmi://localhost:20931/Chimera (8280)
En cours de recherche de oapp_prod (8288)
En cours de connexion à oapp_prod (8276)
Arrêt inconditionnel oapp_prod. (8440)
FIN - 20251206-05:30:02
==========================================


==========================================
OpenEdge Release 11.7.20 as of Thu Aug  8 10:06:00 EDT 2024


En cours de connexion à l'AdminServer Progress avec rmi://localhost:20931/Chimera (8280)
En cours de recherche de oapp_prod (8288)
En cours de connexion à oapp_prod (8276)
Arrêt inconditionnel oapp_prod. (8440)
FIN - 20251207-05:30:02
==========================================


==========================================
OpenEdge Release 11.7.20 as of Thu Aug  8 10:06:00 EDT 2024


En cours de connexion à l'AdminServer Progress avec rmi://localhost:20931/Chimera (8280)
En cours de recherche de oapp_prod (8288)
En cours de connexion à oapp_prod (8276)
Arrêt inconditionnel oapp_prod. (8440)
FIN - 20251208-05:30:01
==========================================


==========================================
OpenEdge Release 11.7.20 as of Thu Aug  8 10:06:00 EDT 2024


En cours de connexion à l'AdminServer Progress avec rmi://localhost:20931/Chimera (8280)
En cours de recherche de oapp_prod (8288)
En cours de connexion à oapp_prod (8276)
Arrêt inconditionnel oapp_prod. (8440)
FIN - 20251209-05:30:02
==========================================


==========================================
OpenEdge Release 11.7.20 as of Thu Aug  8 10:06:00 EDT 2024


En cours de connexion à l'AdminServer Progress avec rmi://localhost:20931/Chimera (8280)
En cours de recherche de oapp_prod (8288)
En cours de connexion à oapp_prod (8276)
Arrêt inconditionnel oapp_prod. (8440)
FIN - 20251210-05:30:03
==========================================


==========================================
OpenEdge Release 11.7.20 as of Thu Aug  8 10:06:00 EDT 2024


En cours de connexion à l'AdminServer Progress avec rmi://localhost:20931/Chimera (8280)
En cours de recherche de oapp_prod (8288)
En cours de connexion à oapp_prod (8276)
Arrêt inconditionnel oapp_prod. (8440)
FIN - 20251211-05:30:02
==========================================


==========================================
OpenEdge Release 11.7.20 as of Thu Aug  8 10:06:00 EDT 2024


En cours de connexion à l'AdminServer Progress avec rmi://localhost:20931/Chimera (8280)
En cours de recherche de oapp_prod (8288)
En cours de connexion à oapp_prod (8276)
Arrêt inconditionnel oapp_prod. (8440)
FIN - 20251212-05:30:02
==========================================


==========================================
OpenEdge Release 11.7.20 as of Thu Aug  8 10:06:00 EDT 2024


En cours de connexion à l'AdminServer Progress avec rmi://localhost:20931/Chimera (8280)
En cours de recherche de oapp_prod (8288)
En cours de connexion à oapp_prod (8276)
Arrêt inconditionnel oapp_prod. (8440)
FIN - 20251213-05:30:02
==========================================


==========================================
OpenEdge Release 11.7.20 as of Thu Aug  8 10:06:00 EDT 2024


En cours de connexion à l'AdminServer Progress avec rmi://localhost:20931/Chimera (8280)
En cours de recherche de oapp_prod (8288)
En cours de connexion à oapp_prod (8276)
Arrêt inconditionnel oapp_prod. (8440)
FIN - 20251214-05:30:01
==========================================


==========================================
OpenEdge Release 11.7.20 as of Thu Aug  8 10:06:00 EDT 2024


En cours de connexion à l'AdminServer Progress avec rmi://localhost:20931/Chimera (8280)
En cours de recherche de oapp_prod (8288)
En cours de connexion à oapp_prod (8276)
Arrêt inconditionnel oapp_prod. (8440)
FIN - 20251215-05:30:01
==========================================


==========================================
OpenEdge Release 11.7.20 as of Thu Aug  8 10:06:00 EDT 2024


En cours de connexion à l'AdminServer Progress avec rmi://localhost:20931/Chimera (8280)
En cours de recherche de oapp_prod (8288)
En cours de connexion à oapp_prod (8276)
Arrêt inconditionnel oapp_prod. (8440)
FIN - 20251215-14:02:07
==========================================


==========================================
OpenEdge Release 11.7.20 as of Thu Aug  8 10:06:00 EDT 2024


En cours de connexion à l'AdminServer Progress avec rmi://localhost:20931/Chimera (8280)
En cours de recherche de oapp_prod (8288)
En cours de connexion à oapp_prod (8276)
Arrêt inconditionnel oapp_prod. (8440)
FIN - 20251216-05:30:02
==========================================


==========================================
OpenEdge Release 11.7.20 as of Thu Aug  8 10:06:00 EDT 2024


En cours de connexion à l'AdminServer Progress avec rmi://localhost:20931/Chimera (8280)
En cours de recherche de oapp_prod (8288)
En cours de connexion à oapp_prod (8276)
Arrêt inconditionnel oapp_prod. (8440)
FIN - 20251217-05:30:02
==========================================


==========================================
OpenEdge Release 11.7.20 as of Thu Aug  8 10:06:00 EDT 2024


En cours de connexion à l'AdminServer Progress avec rmi://localhost:20931/Chimera (8280)
En cours de recherche de oapp_prod (8288)
En cours de connexion à oapp_prod (8276)
Arrêt inconditionnel oapp_prod. (8440)
FIN - 20251218-05:30:02
==========================================


==========================================
OpenEdge Release 11.7.20 as of Thu Aug  8 10:06:00 EDT 2024


En cours de connexion à l'AdminServer Progress avec rmi://localhost:20931/Chimera (8280)
En cours de recherche de oapp_prod (8288)
En cours de connexion à oapp_prod (8276)
Arrêt inconditionnel oapp_prod. (8440)
FIN - 20251219-05:30:01
==========================================


==========================================
OpenEdge Release 11.7.20 as of Thu Aug  8 10:06:00 EDT 2024


En cours de connexion à l'AdminServer Progress avec rmi://localhost:20931/Chimera (8280)
En cours de recherche de oapp_prod (8288)
En cours de connexion à oapp_prod (8276)
Arrêt inconditionnel oapp_prod. (8440)
FIN - 20251220-05:30:02
==========================================


==========================================
OpenEdge Release 11.7.20 as of Thu Aug  8 10:06:00 EDT 2024


En cours de connexion à l'AdminServer Progress avec rmi://localhost:20931/Chimera (8280)
En cours de recherche de oapp_prod (8288)
En cours de connexion à oapp_prod (8276)
Arrêt inconditionnel oapp_prod. (8440)
FIN - 20251221-05:30:01
==========================================


==========================================
OpenEdge Release 11.7.20 as of Thu Aug  8 10:06:00 EDT 2024


En cours de connexion à l'AdminServer Progress avec rmi://localhost:20931/Chimera (8280)
En cours de recherche de oapp_prod (8288)
En cours de connexion à oapp_prod (8276)
Arrêt inconditionnel oapp_prod. (8440)
FIN - 20251222-05:30:02
==========================================


==========================================
OpenEdge Release 11.7.20 as of Thu Aug  8 10:06:00 EDT 2024


En cours de connexion à l'AdminServer Progress avec rmi://localhost:20931/Chimera (8280)
En cours de recherche de oapp_prod (8288)
En cours de connexion à oapp_prod (8276)
Arrêt inconditionnel oapp_prod. (8440)
FIN - 20251223-05:30:02
==========================================


==========================================
OpenEdge Release 11.7.20 as of Thu Aug  8 10:06:00 EDT 2024


En cours de connexion à l'AdminServer Progress avec rmi://localhost:20931/Chimera (8280)
En cours de recherche de oapp_prod (8288)
En cours de connexion à oapp_prod (8276)
Arrêt inconditionnel oapp_prod. (8440)
FIN - 20251224-05:30:02
==========================================


==========================================
OpenEdge Release 11.7.20 as of Thu Aug  8 10:06:00 EDT 2024


En cours de connexion à l'AdminServer Progress avec rmi://localhost:20931/Chimera (8280)
En cours de recherche de oapp_prod (8288)
En cours de connexion à oapp_prod (8276)
Arrêt inconditionnel oapp_prod. (8440)
FIN - 20251225-05:30:01
==========================================


==========================================
OpenEdge Release 11.7.20 as of Thu Aug  8 10:06:00 EDT 2024


En cours de connexion à l'AdminServer Progress avec rmi://localhost:20931/Chimera (8280)
En cours de recherche de oapp_prod (8288)
En cours de connexion à oapp_prod (8276)
Arrêt inconditionnel oapp_prod. (8440)
FIN - 20251226-05:30:02
==========================================


==========================================
OpenEdge Release 11.7.20 as of Thu Aug  8 10:06:00 EDT 2024


En cours de connexion à l'AdminServer Progress avec rmi://localhost:20931/Chimera (8280)
En cours de recherche de oapp_prod (8288)
En cours de connexion à oapp_prod (8276)
Arrêt inconditionnel oapp_prod. (8440)
FIN - 20251227-05:30:01
==========================================


==========================================
OpenEdge Release 11.7.20 as of Thu Aug  8 10:06:00 EDT 2024


En cours de connexion à l'AdminServer Progress avec rmi://localhost:20931/Chimera (8280)
En cours de recherche de oapp_prod (8288)
En cours de connexion à oapp_prod (8276)
Arrêt inconditionnel oapp_prod. (8440)
FIN - 20251228-05:30:02
==========================================


==========================================
OpenEdge Release 11.7.20 as of Thu Aug  8 10:06:00 EDT 2024


En cours de connexion à l'AdminServer Progress avec rmi://localhost:20931/Chimera (8280)
En cours de recherche de oapp_prod (8288)
En cours de connexion à oapp_prod (8276)
Arrêt inconditionnel oapp_prod. (8440)
FIN - 20251229-05:30:02
==========================================


==========================================
OpenEdge Release 11.7.20 as of Thu Aug  8 10:06:00 EDT 2024


En cours de connexion à l'AdminServer Progress avec rmi://localhost:20931/Chimera (8280)
En cours de recherche de oapp_prod (8288)
En cours de connexion à oapp_prod (8276)
Arrêt inconditionnel oapp_prod. (8440)
FIN - 20251230-05:30:02
==========================================


==========================================
OpenEdge Release 11.7.20 as of Thu Aug  8 10:06:00 EDT 2024


En cours de connexion à l'AdminServer Progress avec rmi://localhost:20931/Chimera (8280)
En cours de recherche de oapp_prod (8288)
En cours de connexion à oapp_prod (8276)
Arrêt inconditionnel oapp_prod. (8440)
FIN - 20251231-05:30:01
==========================================


==========================================
OpenEdge Release 11.7.20 as of Thu Aug  8 10:06:00 EDT 2024


En cours de connexion à l'AdminServer Progress avec rmi://localhost:20931/Chimera (8280)
En cours de recherche de oapp_prod (8288)
En cours de connexion à oapp_prod (8276)
Arrêt inconditionnel oapp_prod. (8440)
FIN - 20251231-14:05:43
==========================================


==========================================
OpenEdge Release 11.7.20 as of Thu Aug  8 10:06:00 EDT 2024


En cours de connexion à l'AdminServer Progress avec rmi://localhost:20931/Chimera (8280)
En cours de recherche de oapp_prod (8288)
En cours de connexion à oapp_prod (8276)
Arrêt inconditionnel oapp_prod. (8440)
FIN - 20260101-05:30:02
==========================================


==========================================
OpenEdge Release 11.7.20 as of Thu Aug  8 10:06:00 EDT 2024


En cours de connexion à l'AdminServer Progress avec rmi://localhost:20931/Chimera (8280)
En cours de recherche de oapp_prod (8288)
En cours de connexion à oapp_prod (8276)
Arrêt inconditionnel oapp_prod. (8440)
FIN - 20260102-05:30:01
==========================================


==========================================
OpenEdge Release 11.7.20 as of Thu Aug  8 10:06:00 EDT 2024


En cours de connexion à l'AdminServer Progress avec rmi://localhost:20931/Chimera (8280)
En cours de recherche de oapp_prod (8288)
En cours de connexion à oapp_prod (8276)
Arrêt inconditionnel oapp_prod. (8440)
FIN - 20260103-05:30:01
==========================================


==========================================
OpenEdge Release 11.7.20 as of Thu Aug  8 10:06:00 EDT 2024


En cours de connexion à l'AdminServer Progress avec rmi://localhost:20931/Chimera (8280)
En cours de recherche de oapp_prod (8288)
En cours de connexion à oapp_prod (8276)
Arrêt inconditionnel oapp_prod. (8440)
FIN - 20260104-05:30:02
==========================================


==========================================
OpenEdge Release 11.7.20 as of Thu Aug  8 10:06:00 EDT 2024


En cours de connexion à l'AdminServer Progress avec rmi://localhost:20931/Chimera (8280)
En cours de recherche de oapp_prod (8288)
En cours de connexion à oapp_prod (8276)
Arrêt inconditionnel oapp_prod. (8440)
FIN - 20260105-05:30:02
==========================================


==========================================
OpenEdge Release 11.7.20 as of Thu Aug  8 10:06:00 EDT 2024


En cours de connexion à l'AdminServer Progress avec rmi://localhost:20931/Chimera (8280)
En cours de recherche de oapp_prod (8288)
En cours de connexion à oapp_prod (8276)
Arrêt inconditionnel oapp_prod. (8440)
FIN - 20260106-05:30:02
==========================================

