
==========================================
OpenEdge Release 11.7.20 as of Thu Aug  8 10:06:00 EDT 2024


En cours de connexion Ó l'AdminServer Progress avec rmi://localhost:20931/Chimera (8280)
En cours de recherche de oapp_prod (8288)
En cours de connexion Ó oapp_prod (8276)
Dķmarrage du service oapp_prod en cours. Vķrification du statut. (8296)
FIN - 20250910-08:39:35
==========================================


==========================================
OpenEdge Release 11.7.20 as of Thu Aug  8 10:06:00 EDT 2024


En cours de connexion Ó l'AdminServer Progress avec rmi://localhost:20931/Chimera (8280)
En cours de recherche de oapp_prod (8288)
En cours de connexion Ó oapp_prod (8276)
Dķmarrage du service oapp_prod en cours. Vķrification du statut. (8296)
FIN - 20250910-08:59:59
==========================================


==========================================
OpenEdge Release 11.7.20 as of Thu Aug  8 10:06:00 EDT 2024


En cours de connexion Ó l'AdminServer Progress avec rmi://localhost:20931/Chimera (8280)
En cours de recherche de oapp_prod (8288)
En cours de connexion Ó oapp_prod (8276)
Dķmarrage du service oapp_prod en cours. Vķrification du statut. (8296)
FIN - 20250910-09:09:42
==========================================


==========================================
OpenEdge Release 11.7.20 as of Thu Aug  8 10:06:00 EDT 2024


En cours de connexion Ó l'AdminServer Progress avec rmi://localhost:20931/Chimera (8280)
En cours de recherche de oapp_prod (8288)
En cours de connexion Ó oapp_prod (8276)
Dķmarrage du service oapp_prod en cours. Vķrification du statut. (8296)
FIN - 20250910-09:52:50
==========================================


==========================================
OpenEdge Release 11.7.20 as of Thu Aug  8 10:06:00 EDT 2024


En cours de connexion Ó l'AdminServer Progress avec rmi://localhost:20931/Chimera (8280)
En cours de recherche de oapp_prod (8288)
En cours de connexion Ó oapp_prod (8276)
Dķmarrage du service oapp_prod en cours. Vķrification du statut. (8296)
FIN - 20250910-09:55:01
==========================================


==========================================
OpenEdge Release 11.7.20 as of Thu Aug  8 10:06:00 EDT 2024


En cours de connexion Ó l'AdminServer Progress avec rmi://localhost:20931/Chimera (8280)
En cours de recherche de oapp_prod (8288)
En cours de connexion Ó oapp_prod (8276)
Dķmarrage du service oapp_prod en cours. Vķrification du statut. (8296)
FIN - 20250910-14:55:48
==========================================


==========================================
OpenEdge Release 11.7.20 as of Thu Aug  8 10:06:00 EDT 2024


En cours de connexion Ó l'AdminServer Progress avec rmi://localhost:20931/Chimera (8280)
En cours de recherche de oapp_prod (8288)
En cours de connexion Ó oapp_prod (8276)
Dķmarrage du service oapp_prod en cours. Vķrification du statut. (8296)
FIN - 20250910-15:35:16
==========================================


==========================================
OpenEdge Release 11.7.20 as of Thu Aug  8 10:06:00 EDT 2024


En cours de connexion Ó l'AdminServer Progress avec rmi://localhost:20931/Chimera (8280)
En cours de recherche de oapp_prod (8288)
En cours de connexion Ó oapp_prod (8276)
Dķmarrage du service oapp_prod en cours. Vķrification du statut. (8296)
FIN - 20250910-17:10:36
==========================================


==========================================
OpenEdge Release 11.7.20 as of Thu Aug  8 10:06:00 EDT 2024


En cours de connexion Ó l'AdminServer Progress avec rmi://localhost:20931/Chimera (8280)
En cours de recherche de oapp_prod (8288)
En cours de connexion Ó oapp_prod (8276)
Dķmarrage du service oapp_prod en cours. Vķrification du statut. (8296)
FIN - 20250911-05:45:01
==========================================


==========================================
OpenEdge Release 11.7.20 as of Thu Aug  8 10:06:00 EDT 2024


En cours de connexion Ó l'AdminServer Progress avec rmi://localhost:20931/Chimera (8280)
En cours de recherche de oapp_prod (8288)
En cours de connexion Ó oapp_prod (8276)
Dķmarrage du service oapp_prod en cours. Vķrification du statut. (8296)
FIN - 20250911-14:11:51
==========================================


==========================================
OpenEdge Release 11.7.20 as of Thu Aug  8 10:06:00 EDT 2024


En cours de connexion Ó l'AdminServer Progress avec rmi://localhost:20931/Chimera (8280)
En cours de recherche de oapp_prod (8288)
En cours de connexion Ó oapp_prod (8276)
Dķmarrage du service oapp_prod en cours. Vķrification du statut. (8296)
FIN - 20250912-05:45:01
==========================================


==========================================
OpenEdge Release 11.7.20 as of Thu Aug  8 10:06:00 EDT 2024


En cours de connexion Ó l'AdminServer Progress avec rmi://localhost:20931/Chimera (8280)
En cours de recherche de oapp_prod (8288)
En cours de connexion Ó oapp_prod (8276)
Dķmarrage du service oapp_prod en cours. Vķrification du statut. (8296)
FIN - 20250912-12:37:47
==========================================


==========================================
OpenEdge Release 11.7.20 as of Thu Aug  8 10:06:00 EDT 2024


En cours de connexion Ó l'AdminServer Progress avec rmi://localhost:20931/Chimera (8280)
En cours de recherche de oapp_prod (8288)
En cours de connexion Ó oapp_prod (8276)
Dķmarrage du service oapp_prod en cours. Vķrification du statut. (8296)
FIN - 20250912-13:57:26
==========================================


==========================================
OpenEdge Release 11.7.20 as of Thu Aug  8 10:06:00 EDT 2024


En cours de connexion Ó l'AdminServer Progress avec rmi://localhost:20931/Chimera (8280)
En cours de recherche de oapp_prod (8288)
En cours de connexion Ó oapp_prod (8276)
Dķmarrage du service oapp_prod en cours. Vķrification du statut. (8296)
FIN - 20250913-05:45:01
==========================================


==========================================
OpenEdge Release 11.7.20 as of Thu Aug  8 10:06:00 EDT 2024


En cours de connexion Ó l'AdminServer Progress avec rmi://localhost:20931/Chimera (8280)
En cours de recherche de oapp_prod (8288)
En cours de connexion Ó oapp_prod (8276)
Dķmarrage du service oapp_prod en cours. Vķrification du statut. (8296)
FIN - 20250914-05:45:01
==========================================


==========================================
OpenEdge Release 11.7.20 as of Thu Aug  8 10:06:00 EDT 2024


En cours de connexion Ó l'AdminServer Progress avec rmi://localhost:20931/Chimera (8280)
En cours de recherche de oapp_prod (8288)
En cours de connexion Ó oapp_prod (8276)
Dķmarrage du service oapp_prod en cours. Vķrification du statut. (8296)
FIN - 20250915-05:45:01
==========================================


==========================================
OpenEdge Release 11.7.20 as of Thu Aug  8 10:06:00 EDT 2024


En cours de connexion Ó l'AdminServer Progress avec rmi://localhost:20931/Chimera (8280)
En cours de recherche de oapp_prod (8288)
En cours de connexion Ó oapp_prod (8276)
Dķmarrage du service oapp_prod en cours. Vķrification du statut. (8296)
FIN - 20250916-05:45:01
==========================================


==========================================
OpenEdge Release 11.7.20 as of Thu Aug  8 10:06:00 EDT 2024


En cours de connexion Ó l'AdminServer Progress avec rmi://localhost:20931/Chimera (8280)
En cours de recherche de oapp_prod (8288)
En cours de connexion Ó oapp_prod (8276)
Dķmarrage du service oapp_prod en cours. Vķrification du statut. (8296)
FIN - 20250917-05:45:01
==========================================


==========================================
OpenEdge Release 11.7.20 as of Thu Aug  8 10:06:00 EDT 2024


En cours de connexion Ó l'AdminServer Progress avec rmi://localhost:20931/Chimera (8280)
En cours de recherche de oapp_prod (8288)
En cours de connexion Ó oapp_prod (8276)
Dķmarrage du service oapp_prod en cours. Vķrification du statut. (8296)
FIN - 20250918-05:45:01
==========================================


==========================================
OpenEdge Release 11.7.20 as of Thu Aug  8 10:06:00 EDT 2024


En cours de connexion Ó l'AdminServer Progress avec rmi://localhost:20931/Chimera (8280)
En cours de recherche de oapp_prod (8288)
En cours de connexion Ó oapp_prod (8276)
Dķmarrage du service oapp_prod en cours. Vķrification du statut. (8296)
FIN - 20250919-05:45:01
==========================================


==========================================
OpenEdge Release 11.7.20 as of Thu Aug  8 10:06:00 EDT 2024


En cours de connexion Ó l'AdminServer Progress avec rmi://localhost:20931/Chimera (8280)
En cours de recherche de oapp_prod (8288)
En cours de connexion Ó oapp_prod (8276)
Dķmarrage du service oapp_prod en cours. Vķrification du statut. (8296)
FIN - 20250920-05:45:01
==========================================


==========================================
OpenEdge Release 11.7.20 as of Thu Aug  8 10:06:00 EDT 2024


En cours de connexion Ó l'AdminServer Progress avec rmi://localhost:20931/Chimera (8280)
En cours de recherche de oapp_prod (8288)
En cours de connexion Ó oapp_prod (8276)
Le dķmarrage du service oapp_prod est impossible. (8297)
FIN - 20250921-05:45:01
==========================================


==========================================
OpenEdge Release 11.7.20 as of Thu Aug  8 10:06:00 EDT 2024


En cours de connexion Ó l'AdminServer Progress avec rmi://localhost:20931/Chimera (8280)
En cours de recherche de oapp_prod (8288)
En cours de connexion Ó oapp_prod (8276)
Dķmarrage du service oapp_prod en cours. Vķrification du statut. (8296)
FIN - 20250922-05:45:01
==========================================


==========================================
OpenEdge Release 11.7.20 as of Thu Aug  8 10:06:00 EDT 2024


En cours de connexion Ó l'AdminServer Progress avec rmi://localhost:20931/Chimera (8280)
En cours de recherche de oapp_prod (8288)
En cours de connexion Ó oapp_prod (8276)
Dķmarrage du service oapp_prod en cours. Vķrification du statut. (8296)
FIN - 20250923-05:45:01
==========================================


==========================================
OpenEdge Release 11.7.20 as of Thu Aug  8 10:06:00 EDT 2024


En cours de connexion Ó l'AdminServer Progress avec rmi://localhost:20931/Chimera (8280)
En cours de recherche de oapp_prod (8288)
En cours de connexion Ó oapp_prod (8276)
Dķmarrage du service oapp_prod en cours. Vķrification du statut. (8296)
FIN - 20250923-16:18:20
==========================================


==========================================
OpenEdge Release 11.7.20 as of Thu Aug  8 10:06:00 EDT 2024


En cours de connexion Ó l'AdminServer Progress avec rmi://localhost:20931/Chimera (8280)
En cours de recherche de oapp_prod (8288)
En cours de connexion Ó oapp_prod (8276)
Dķmarrage du service oapp_prod en cours. Vķrification du statut. (8296)
FIN - 20250924-05:45:01
==========================================


==========================================
OpenEdge Release 11.7.20 as of Thu Aug  8 10:06:00 EDT 2024


En cours de connexion Ó l'AdminServer Progress avec rmi://localhost:20931/Chimera (8280)
En cours de recherche de oapp_prod (8288)
En cours de connexion Ó oapp_prod (8276)
Dķmarrage du service oapp_prod en cours. Vķrification du statut. (8296)
FIN - 20250925-05:45:01
==========================================


==========================================
OpenEdge Release 11.7.20 as of Thu Aug  8 10:06:00 EDT 2024


En cours de connexion Ó l'AdminServer Progress avec rmi://localhost:20931/Chimera (8280)
En cours de recherche de oapp_prod (8288)
En cours de connexion Ó oapp_prod (8276)
Dķmarrage du service oapp_prod en cours. Vķrification du statut. (8296)
FIN - 20250926-05:45:01
==========================================


==========================================
OpenEdge Release 11.7.20 as of Thu Aug  8 10:06:00 EDT 2024


En cours de connexion Ó l'AdminServer Progress avec rmi://localhost:20931/Chimera (8280)
En cours de recherche de oapp_prod (8288)
En cours de connexion Ó oapp_prod (8276)
Dķmarrage du service oapp_prod en cours. Vķrification du statut. (8296)
FIN - 20250926-14:15:38
==========================================


==========================================
OpenEdge Release 11.7.20 as of Thu Aug  8 10:06:00 EDT 2024


En cours de connexion Ó l'AdminServer Progress avec rmi://localhost:20931/Chimera (8280)
En cours de recherche de oapp_prod (8288)
En cours de connexion Ó oapp_prod (8276)
Dķmarrage du service oapp_prod en cours. Vķrification du statut. (8296)
FIN - 20250927-05:45:01
==========================================


==========================================
OpenEdge Release 11.7.20 as of Thu Aug  8 10:06:00 EDT 2024


En cours de connexion Ó l'AdminServer Progress avec rmi://localhost:20931/Chimera (8280)
En cours de recherche de oapp_prod (8288)
En cours de connexion Ó oapp_prod (8276)
Dķmarrage du service oapp_prod en cours. Vķrification du statut. (8296)
FIN - 20250928-05:45:01
==========================================


==========================================
OpenEdge Release 11.7.20 as of Thu Aug  8 10:06:00 EDT 2024


En cours de connexion Ó l'AdminServer Progress avec rmi://localhost:20931/Chimera (8280)
En cours de recherche de oapp_prod (8288)
En cours de connexion Ó oapp_prod (8276)
Dķmarrage du service oapp_prod en cours. Vķrification du statut. (8296)
FIN - 20250929-05:45:01
==========================================


==========================================
OpenEdge Release 11.7.20 as of Thu Aug  8 10:06:00 EDT 2024


En cours de connexion Ó l'AdminServer Progress avec rmi://localhost:20931/Chimera (8280)
En cours de recherche de oapp_prod (8288)
En cours de connexion Ó oapp_prod (8276)
Dķmarrage du service oapp_prod en cours. Vķrification du statut. (8296)
FIN - 20250930-05:45:01
==========================================


==========================================
OpenEdge Release 11.7.20 as of Thu Aug  8 10:06:00 EDT 2024


En cours de connexion Ó l'AdminServer Progress avec rmi://localhost:20931/Chimera (8280)
En cours de recherche de oapp_prod (8288)
En cours de connexion Ó oapp_prod (8276)
Dķmarrage du service oapp_prod en cours. Vķrification du statut. (8296)
FIN - 20251001-05:45:01
==========================================


==========================================
OpenEdge Release 11.7.20 as of Thu Aug  8 10:06:00 EDT 2024


En cours de connexion Ó l'AdminServer Progress avec rmi://localhost:20931/Chimera (8280)
En cours de recherche de oapp_prod (8288)
En cours de connexion Ó oapp_prod (8276)
Dķmarrage du service oapp_prod en cours. Vķrification du statut. (8296)
FIN - 20251001-08:38:49
==========================================


==========================================
OpenEdge Release 11.7.20 as of Thu Aug  8 10:06:00 EDT 2024


En cours de connexion Ó l'AdminServer Progress avec rmi://localhost:20931/Chimera (8280)
En cours de recherche de oapp_prod (8288)
En cours de connexion Ó oapp_prod (8276)
Dķmarrage du service oapp_prod en cours. Vķrification du statut. (8296)
FIN - 20251002-05:45:01
==========================================


==========================================
OpenEdge Release 11.7.20 as of Thu Aug  8 10:06:00 EDT 2024


En cours de connexion Ó l'AdminServer Progress avec rmi://localhost:20931/Chimera (8280)
En cours de recherche de oapp_prod (8288)
En cours de connexion Ó oapp_prod (8276)
Dķmarrage du service oapp_prod en cours. Vķrification du statut. (8296)
FIN - 20251003-05:45:01
==========================================


==========================================
OpenEdge Release 11.7.20 as of Thu Aug  8 10:06:00 EDT 2024


En cours de connexion Ó l'AdminServer Progress avec rmi://localhost:20931/Chimera (8280)
En cours de recherche de oapp_prod (8288)
En cours de connexion Ó oapp_prod (8276)
Dķmarrage du service oapp_prod en cours. Vķrification du statut. (8296)
FIN - 20251004-05:45:01
==========================================


==========================================
OpenEdge Release 11.7.20 as of Thu Aug  8 10:06:00 EDT 2024


En cours de connexion Ó l'AdminServer Progress avec rmi://localhost:20931/Chimera (8280)
En cours de recherche de oapp_prod (8288)
En cours de connexion Ó oapp_prod (8276)
Dķmarrage du service oapp_prod en cours. Vķrification du statut. (8296)
FIN - 20251005-05:45:01
==========================================


==========================================
OpenEdge Release 11.7.20 as of Thu Aug  8 10:06:00 EDT 2024


En cours de connexion Ó l'AdminServer Progress avec rmi://localhost:20931/Chimera (8280)
En cours de recherche de oapp_prod (8288)
En cours de connexion Ó oapp_prod (8276)
Le dķmarrage du service oapp_prod est impossible. (8297)
FIN - 20251006-05:45:01
==========================================


==========================================
OpenEdge Release 11.7.20 as of Thu Aug  8 10:06:00 EDT 2024


En cours de connexion Ó l'AdminServer Progress avec rmi://localhost:20931/Chimera (8280)
En cours de recherche de oapp_prod (8288)
En cours de connexion Ó oapp_prod (8276)
Dķmarrage du service oapp_prod en cours. Vķrification du statut. (8296)
FIN - 20251007-05:45:01
==========================================


==========================================
OpenEdge Release 11.7.20 as of Thu Aug  8 10:06:00 EDT 2024


En cours de connexion Ó l'AdminServer Progress avec rmi://localhost:20931/Chimera (8280)
En cours de recherche de oapp_prod (8288)
En cours de connexion Ó oapp_prod (8276)
Dķmarrage du service oapp_prod en cours. Vķrification du statut. (8296)
FIN - 20251008-05:45:01
==========================================


==========================================
OpenEdge Release 11.7.20 as of Thu Aug  8 10:06:00 EDT 2024


En cours de connexion Ó l'AdminServer Progress avec rmi://localhost:20931/Chimera (8280)
En cours de recherche de oapp_prod (8288)
En cours de connexion Ó oapp_prod (8276)
Dķmarrage du service oapp_prod en cours. Vķrification du statut. (8296)
FIN - 20251009-05:45:01
==========================================


==========================================
OpenEdge Release 11.7.20 as of Thu Aug  8 10:06:00 EDT 2024


En cours de connexion Ó l'AdminServer Progress avec rmi://localhost:20931/Chimera (8280)
En cours de recherche de oapp_prod (8288)
En cours de connexion Ó oapp_prod (8276)
Dķmarrage du service oapp_prod en cours. Vķrification du statut. (8296)
FIN - 20251010-05:45:01
==========================================


==========================================
OpenEdge Release 11.7.20 as of Thu Aug  8 10:06:00 EDT 2024


En cours de connexion Ó l'AdminServer Progress avec rmi://localhost:20931/Chimera (8280)
En cours de recherche de oapp_prod (8288)
En cours de connexion Ó oapp_prod (8276)
Dķmarrage du service oapp_prod en cours. Vķrification du statut. (8296)
FIN - 20251011-05:45:01
==========================================


==========================================
OpenEdge Release 11.7.20 as of Thu Aug  8 10:06:00 EDT 2024


En cours de connexion Ó l'AdminServer Progress avec rmi://localhost:20931/Chimera (8280)
En cours de recherche de oapp_prod (8288)
En cours de connexion Ó oapp_prod (8276)
Le dķmarrage du service oapp_prod est impossible. (8297)
FIN - 20251012-05:45:01
==========================================


==========================================
OpenEdge Release 11.7.20 as of Thu Aug  8 10:06:00 EDT 2024


En cours de connexion Ó l'AdminServer Progress avec rmi://localhost:20931/Chimera (8280)
En cours de recherche de oapp_prod (8288)
En cours de connexion Ó oapp_prod (8276)
Dķmarrage du service oapp_prod en cours. Vķrification du statut. (8296)
FIN - 20251013-05:45:01
==========================================


==========================================
OpenEdge Release 11.7.20 as of Thu Aug  8 10:06:00 EDT 2024


En cours de connexion Ó l'AdminServer Progress avec rmi://localhost:20931/Chimera (8280)
En cours de recherche de oapp_prod (8288)
En cours de connexion Ó oapp_prod (8276)
Dķmarrage du service oapp_prod en cours. Vķrification du statut. (8296)
FIN - 20251014-05:45:01
==========================================


==========================================
OpenEdge Release 11.7.20 as of Thu Aug  8 10:06:00 EDT 2024


En cours de connexion Ó l'AdminServer Progress avec rmi://localhost:20931/Chimera (8280)
En cours de recherche de oapp_prod (8288)
En cours de connexion Ó oapp_prod (8276)
Dķmarrage du service oapp_prod en cours. Vķrification du statut. (8296)
FIN - 20251015-05:45:01
==========================================


==========================================
OpenEdge Release 11.7.20 as of Thu Aug  8 10:06:00 EDT 2024


En cours de connexion Ó l'AdminServer Progress avec rmi://localhost:20931/Chimera (8280)
En cours de recherche de oapp_prod (8288)
En cours de connexion Ó oapp_prod (8276)
Dķmarrage du service oapp_prod en cours. Vķrification du statut. (8296)
FIN - 20251016-05:45:01
==========================================


==========================================
OpenEdge Release 11.7.20 as of Thu Aug  8 10:06:00 EDT 2024


En cours de connexion Ó l'AdminServer Progress avec rmi://localhost:20931/Chimera (8280)
En cours de recherche de oapp_prod (8288)
En cours de connexion Ó oapp_prod (8276)
Dķmarrage du service oapp_prod en cours. Vķrification du statut. (8296)
FIN - 20251017-05:45:01
==========================================


==========================================
OpenEdge Release 11.7.20 as of Thu Aug  8 10:06:00 EDT 2024


En cours de connexion Ó l'AdminServer Progress avec rmi://localhost:20931/Chimera (8280)
En cours de recherche de oapp_prod (8288)
En cours de connexion Ó oapp_prod (8276)
Dķmarrage du service oapp_prod en cours. Vķrification du statut. (8296)
FIN - 20251018-05:45:01
==========================================


==========================================
OpenEdge Release 11.7.20 as of Thu Aug  8 10:06:00 EDT 2024


En cours de connexion Ó l'AdminServer Progress avec rmi://localhost:20931/Chimera (8280)
En cours de recherche de oapp_prod (8288)
En cours de connexion Ó oapp_prod (8276)
Dķmarrage du service oapp_prod en cours. Vķrification du statut. (8296)
FIN - 20251019-05:45:01
==========================================


==========================================
OpenEdge Release 11.7.20 as of Thu Aug  8 10:06:00 EDT 2024


En cours de connexion Ó l'AdminServer Progress avec rmi://localhost:20931/Chimera (8280)
En cours de recherche de oapp_prod (8288)
En cours de connexion Ó oapp_prod (8276)
Dķmarrage du service oapp_prod en cours. Vķrification du statut. (8296)
FIN - 20251020-05:45:01
==========================================


==========================================
OpenEdge Release 11.7.20 as of Thu Aug  8 10:06:00 EDT 2024


En cours de connexion Ó l'AdminServer Progress avec rmi://localhost:20931/Chimera (8280)
En cours de recherche de oapp_prod (8288)
En cours de connexion Ó oapp_prod (8276)
Dķmarrage du service oapp_prod en cours. Vķrification du statut. (8296)
FIN - 20251021-05:45:01
==========================================


==========================================
OpenEdge Release 11.7.20 as of Thu Aug  8 10:06:00 EDT 2024


En cours de connexion Ó l'AdminServer Progress avec rmi://localhost:20931/Chimera (8280)
En cours de recherche de oapp_prod (8288)
En cours de connexion Ó oapp_prod (8276)
Dķmarrage du service oapp_prod en cours. Vķrification du statut. (8296)
FIN - 20251022-05:45:01
==========================================


==========================================
OpenEdge Release 11.7.20 as of Thu Aug  8 10:06:00 EDT 2024


En cours de connexion Ó l'AdminServer Progress avec rmi://localhost:20931/Chimera (8280)
En cours de recherche de oapp_prod (8288)
En cours de connexion Ó oapp_prod (8276)
Dķmarrage du service oapp_prod en cours. Vķrification du statut. (8296)
FIN - 20251023-05:45:01
==========================================


==========================================
OpenEdge Release 11.7.20 as of Thu Aug  8 10:06:00 EDT 2024


En cours de connexion Ó l'AdminServer Progress avec rmi://localhost:20931/Chimera (8280)
En cours de recherche de oapp_prod (8288)
En cours de connexion Ó oapp_prod (8276)
Dķmarrage du service oapp_prod en cours. Vķrification du statut. (8296)
FIN - 20251024-05:45:01
==========================================


==========================================
OpenEdge Release 11.7.20 as of Thu Aug  8 10:06:00 EDT 2024


En cours de connexion Ó l'AdminServer Progress avec rmi://localhost:20931/Chimera (8280)
En cours de recherche de oapp_prod (8288)
En cours de connexion Ó oapp_prod (8276)
Dķmarrage du service oapp_prod en cours. Vķrification du statut. (8296)
FIN - 20251025-05:45:01
==========================================


==========================================
OpenEdge Release 11.7.20 as of Thu Aug  8 10:06:00 EDT 2024


En cours de connexion Ó l'AdminServer Progress avec rmi://localhost:20931/Chimera (8280)
En cours de recherche de oapp_prod (8288)
En cours de connexion Ó oapp_prod (8276)
Dķmarrage du service oapp_prod en cours. Vķrification du statut. (8296)
FIN - 20251026-05:45:01
==========================================


==========================================
OpenEdge Release 11.7.20 as of Thu Aug  8 10:06:00 EDT 2024


En cours de connexion Ó l'AdminServer Progress avec rmi://localhost:20931/Chimera (8280)
En cours de recherche de oapp_prod (8288)
En cours de connexion Ó oapp_prod (8276)
Dķmarrage du service oapp_prod en cours. Vķrification du statut. (8296)
FIN - 20251027-05:45:02
==========================================


==========================================
OpenEdge Release 11.7.20 as of Thu Aug  8 10:06:00 EDT 2024


En cours de connexion Ó l'AdminServer Progress avec rmi://localhost:20931/Chimera (8280)
En cours de recherche de oapp_prod (8288)
En cours de connexion Ó oapp_prod (8276)
Dķmarrage du service oapp_prod en cours. Vķrification du statut. (8296)
FIN - 20251028-05:45:01
==========================================


==========================================
OpenEdge Release 11.7.20 as of Thu Aug  8 10:06:00 EDT 2024


En cours de connexion Ó l'AdminServer Progress avec rmi://localhost:20931/Chimera (8280)
En cours de recherche de oapp_prod (8288)
En cours de connexion Ó oapp_prod (8276)
Dķmarrage du service oapp_prod en cours. Vķrification du statut. (8296)
FIN - 20251029-05:45:01
==========================================


==========================================
OpenEdge Release 11.7.20 as of Thu Aug  8 10:06:00 EDT 2024


En cours de connexion Ó l'AdminServer Progress avec rmi://localhost:20931/Chimera (8280)
En cours de recherche de oapp_prod (8288)
En cours de connexion Ó oapp_prod (8276)
Echec du lancement de la requĻte oapp_prod. Elle est dķjÓ en cours. (8325)
FIN - 20251029-23:38:44
==========================================


==========================================
OpenEdge Release 11.7.20 as of Thu Aug  8 10:06:00 EDT 2024


En cours de connexion Ó l'AdminServer Progress avec rmi://localhost:20931/Chimera (8280)
En cours de recherche de oapp_prod (8288)
En cours de connexion Ó oapp_prod (8276)
Le dķmarrage du service oapp_prod est impossible. (8297)
FIN - 20251030-05:45:01
==========================================


==========================================
OpenEdge Release 11.7.20 as of Thu Aug  8 10:06:00 EDT 2024


En cours de connexion Ó l'AdminServer Progress avec rmi://localhost:20931/Chimera (8280)
En cours de recherche de oapp_prod (8288)
En cours de connexion Ó oapp_prod (8276)
Dķmarrage du service oapp_prod en cours. Vķrification du statut. (8296)
FIN - 20251031-05:45:01
==========================================


==========================================
OpenEdge Release 11.7.20 as of Thu Aug  8 10:06:00 EDT 2024


En cours de connexion Ó l'AdminServer Progress avec rmi://localhost:20931/Chimera (8280)
En cours de recherche de oapp_prod (8288)
En cours de connexion Ó oapp_prod (8276)
Le dķmarrage du service oapp_prod est impossible. (8297)
FIN - 20251101-05:45:01
==========================================


==========================================
OpenEdge Release 11.7.20 as of Thu Aug  8 10:06:00 EDT 2024


En cours de connexion Ó l'AdminServer Progress avec rmi://localhost:20931/Chimera (8280)
En cours de recherche de oapp_prod (8288)
En cours de connexion Ó oapp_prod (8276)
Dķmarrage du service oapp_prod en cours. Vķrification du statut. (8296)
FIN - 20251102-05:45:01
==========================================


==========================================
OpenEdge Release 11.7.20 as of Thu Aug  8 10:06:00 EDT 2024


En cours de connexion Ó l'AdminServer Progress avec rmi://localhost:20931/Chimera (8280)
En cours de recherche de oapp_prod (8288)
En cours de connexion Ó oapp_prod (8276)
Dķmarrage du service oapp_prod en cours. Vķrification du statut. (8296)
FIN - 20251103-05:45:01
==========================================


==========================================
OpenEdge Release 11.7.20 as of Thu Aug  8 10:06:00 EDT 2024


En cours de connexion Ó l'AdminServer Progress avec rmi://localhost:20931/Chimera (8280)
En cours de recherche de oapp_prod (8288)
En cours de connexion Ó oapp_prod (8276)
Dķmarrage du service oapp_prod en cours. Vķrification du statut. (8296)
FIN - 20251104-05:45:01
==========================================


==========================================
OpenEdge Release 11.7.20 as of Thu Aug  8 10:06:00 EDT 2024


En cours de connexion Ó l'AdminServer Progress avec rmi://localhost:20931/Chimera (8280)
En cours de recherche de oapp_prod (8288)
En cours de connexion Ó oapp_prod (8276)
Dķmarrage du service oapp_prod en cours. Vķrification du statut. (8296)
FIN - 20251105-05:45:01
==========================================


==========================================
OpenEdge Release 11.7.20 as of Thu Aug  8 10:06:00 EDT 2024


En cours de connexion Ó l'AdminServer Progress avec rmi://localhost:20931/Chimera (8280)
En cours de recherche de oapp_prod (8288)
En cours de connexion Ó oapp_prod (8276)
Dķmarrage du service oapp_prod en cours. Vķrification du statut. (8296)
FIN - 20251106-05:45:01
==========================================


==========================================
OpenEdge Release 11.7.20 as of Thu Aug  8 10:06:00 EDT 2024


En cours de connexion Ó l'AdminServer Progress avec rmi://localhost:20931/Chimera (8280)
En cours de recherche de oapp_prod (8288)
En cours de connexion Ó oapp_prod (8276)
Le dķmarrage du service oapp_prod est impossible. (8297)
FIN - 20251107-05:45:01
==========================================


==========================================
OpenEdge Release 11.7.20 as of Thu Aug  8 10:06:00 EDT 2024


En cours de connexion Ó l'AdminServer Progress avec rmi://localhost:20931/Chimera (8280)
En cours de recherche de oapp_prod (8288)
En cours de connexion Ó oapp_prod (8276)
Dķmarrage du service oapp_prod en cours. Vķrification du statut. (8296)
FIN - 20251108-05:45:01
==========================================


==========================================
OpenEdge Release 11.7.20 as of Thu Aug  8 10:06:00 EDT 2024


En cours de connexion Ó l'AdminServer Progress avec rmi://localhost:20931/Chimera (8280)
En cours de recherche de oapp_prod (8288)
En cours de connexion Ó oapp_prod (8276)
Dķmarrage du service oapp_prod en cours. Vķrification du statut. (8296)
FIN - 20251109-05:45:01
==========================================


==========================================
OpenEdge Release 11.7.20 as of Thu Aug  8 10:06:00 EDT 2024


En cours de connexion Ó l'AdminServer Progress avec rmi://localhost:20931/Chimera (8280)
En cours de recherche de oapp_prod (8288)
En cours de connexion Ó oapp_prod (8276)
Dķmarrage du service oapp_prod en cours. Vķrification du statut. (8296)
FIN - 20251110-05:45:01
==========================================


==========================================
OpenEdge Release 11.7.20 as of Thu Aug  8 10:06:00 EDT 2024


En cours de connexion Ó l'AdminServer Progress avec rmi://localhost:20931/Chimera (8280)
En cours de recherche de oapp_prod (8288)
En cours de connexion Ó oapp_prod (8276)
Dķmarrage du service oapp_prod en cours. Vķrification du statut. (8296)
FIN - 20251111-05:45:01
==========================================


==========================================
OpenEdge Release 11.7.20 as of Thu Aug  8 10:06:00 EDT 2024


En cours de connexion Ó l'AdminServer Progress avec rmi://localhost:20931/Chimera (8280)
En cours de recherche de oapp_prod (8288)
En cours de connexion Ó oapp_prod (8276)
Le dķmarrage du service oapp_prod est impossible. (8297)
FIN - 20251112-05:45:01
==========================================


==========================================
OpenEdge Release 11.7.20 as of Thu Aug  8 10:06:00 EDT 2024


En cours de connexion Ó l'AdminServer Progress avec rmi://localhost:20931/Chimera (8280)
En cours de recherche de oapp_prod (8288)
En cours de connexion Ó oapp_prod (8276)
Dķmarrage du service oapp_prod en cours. Vķrification du statut. (8296)
FIN - 20251113-05:45:01
==========================================


==========================================
OpenEdge Release 11.7.20 as of Thu Aug  8 10:06:00 EDT 2024


En cours de connexion Ó l'AdminServer Progress avec rmi://localhost:20931/Chimera (8280)
En cours de recherche de oapp_prod (8288)
En cours de connexion Ó oapp_prod (8276)
Dķmarrage du service oapp_prod en cours. Vķrification du statut. (8296)
FIN - 20251114-05:45:01
==========================================


==========================================
OpenEdge Release 11.7.20 as of Thu Aug  8 10:06:00 EDT 2024


En cours de connexion Ó l'AdminServer Progress avec rmi://localhost:20931/Chimera (8280)
En cours de recherche de oapp_prod (8288)
En cours de connexion Ó oapp_prod (8276)
Dķmarrage du service oapp_prod en cours. Vķrification du statut. (8296)
FIN - 20251115-05:45:01
==========================================


==========================================
OpenEdge Release 11.7.20 as of Thu Aug  8 10:06:00 EDT 2024


En cours de connexion Ó l'AdminServer Progress avec rmi://localhost:20931/Chimera (8280)
En cours de recherche de oapp_prod (8288)
En cours de connexion Ó oapp_prod (8276)
Dķmarrage du service oapp_prod en cours. Vķrification du statut. (8296)
FIN - 20251116-05:45:01
==========================================


==========================================
OpenEdge Release 11.7.20 as of Thu Aug  8 10:06:00 EDT 2024


En cours de connexion Ó l'AdminServer Progress avec rmi://localhost:20931/Chimera (8280)
En cours de recherche de oapp_prod (8288)
En cours de connexion Ó oapp_prod (8276)
Dķmarrage du service oapp_prod en cours. Vķrification du statut. (8296)
FIN - 20251117-05:45:01
==========================================


==========================================
OpenEdge Release 11.7.20 as of Thu Aug  8 10:06:00 EDT 2024


En cours de connexion Ó l'AdminServer Progress avec rmi://localhost:20931/Chimera (8280)
En cours de recherche de oapp_prod (8288)
En cours de connexion Ó oapp_prod (8276)
Dķmarrage du service oapp_prod en cours. Vķrification du statut. (8296)
FIN - 20251118-05:45:01
==========================================


==========================================
OpenEdge Release 11.7.20 as of Thu Aug  8 10:06:00 EDT 2024


En cours de connexion Ó l'AdminServer Progress avec rmi://localhost:20931/Chimera (8280)
En cours de recherche de oapp_prod (8288)
En cours de connexion Ó oapp_prod (8276)
Dķmarrage du service oapp_prod en cours. Vķrification du statut. (8296)
FIN - 20251119-05:45:01
==========================================


==========================================
OpenEdge Release 11.7.20 as of Thu Aug  8 10:06:00 EDT 2024


En cours de connexion Ó l'AdminServer Progress avec rmi://localhost:20931/Chimera (8280)
En cours de recherche de oapp_prod (8288)
En cours de connexion Ó oapp_prod (8276)
Dķmarrage du service oapp_prod en cours. Vķrification du statut. (8296)
FIN - 20251120-05:45:01
==========================================


==========================================
OpenEdge Release 11.7.20 as of Thu Aug  8 10:06:00 EDT 2024


En cours de connexion Ó l'AdminServer Progress avec rmi://localhost:20931/Chimera (8280)
En cours de recherche de oapp_prod (8288)
En cours de connexion Ó oapp_prod (8276)
Dķmarrage du service oapp_prod en cours. Vķrification du statut. (8296)
FIN - 20251121-05:45:01
==========================================


==========================================
OpenEdge Release 11.7.20 as of Thu Aug  8 10:06:00 EDT 2024


En cours de connexion Ó l'AdminServer Progress avec rmi://localhost:20931/Chimera (8280)
En cours de recherche de oapp_prod (8288)
En cours de connexion Ó oapp_prod (8276)
Dķmarrage du service oapp_prod en cours. Vķrification du statut. (8296)
FIN - 20251122-05:45:01
==========================================


==========================================
OpenEdge Release 11.7.20 as of Thu Aug  8 10:06:00 EDT 2024


En cours de connexion Ó l'AdminServer Progress avec rmi://localhost:20931/Chimera (8280)
En cours de recherche de oapp_prod (8288)
En cours de connexion Ó oapp_prod (8276)
Dķmarrage du service oapp_prod en cours. Vķrification du statut. (8296)
FIN - 20251123-05:45:01
==========================================


==========================================
OpenEdge Release 11.7.20 as of Thu Aug  8 10:06:00 EDT 2024


En cours de connexion Ó l'AdminServer Progress avec rmi://localhost:20931/Chimera (8280)
En cours de recherche de oapp_prod (8288)
En cours de connexion Ó oapp_prod (8276)
Dķmarrage du service oapp_prod en cours. Vķrification du statut. (8296)
FIN - 20251124-05:45:01
==========================================


==========================================
OpenEdge Release 11.7.20 as of Thu Aug  8 10:06:00 EDT 2024


En cours de connexion Ó l'AdminServer Progress avec rmi://localhost:20931/Chimera (8280)
En cours de recherche de oapp_prod (8288)
En cours de connexion Ó oapp_prod (8276)
Le dķmarrage du service oapp_prod est impossible. (8297)
FIN - 20251125-05:45:01
==========================================


==========================================
OpenEdge Release 11.7.20 as of Thu Aug  8 10:06:00 EDT 2024


En cours de connexion Ó l'AdminServer Progress avec rmi://localhost:20931/Chimera (8280)
En cours de recherche de oapp_prod (8288)
En cours de connexion Ó oapp_prod (8276)
Dķmarrage du service oapp_prod en cours. Vķrification du statut. (8296)
FIN - 20251126-05:45:01
==========================================


==========================================
OpenEdge Release 11.7.20 as of Thu Aug  8 10:06:00 EDT 2024


En cours de connexion Ó l'AdminServer Progress avec rmi://localhost:20931/Chimera (8280)
En cours de recherche de oapp_prod (8288)
En cours de connexion Ó oapp_prod (8276)
Dķmarrage du service oapp_prod en cours. Vķrification du statut. (8296)
FIN - 20251127-05:45:01
==========================================


==========================================
OpenEdge Release 11.7.20 as of Thu Aug  8 10:06:00 EDT 2024


En cours de connexion Ó l'AdminServer Progress avec rmi://localhost:20931/Chimera (8280)
En cours de recherche de oapp_prod (8288)
En cours de connexion Ó oapp_prod (8276)
Dķmarrage du service oapp_prod en cours. Vķrification du statut. (8296)
FIN - 20251128-05:45:01
==========================================


==========================================
OpenEdge Release 11.7.20 as of Thu Aug  8 10:06:00 EDT 2024


En cours de connexion Ó l'AdminServer Progress avec rmi://localhost:20931/Chimera (8280)
En cours de recherche de oapp_prod (8288)
En cours de connexion Ó oapp_prod (8276)
Dķmarrage du service oapp_prod en cours. Vķrification du statut. (8296)
FIN - 20251129-05:45:01
==========================================


==========================================
OpenEdge Release 11.7.20 as of Thu Aug  8 10:06:00 EDT 2024


En cours de connexion Ó l'AdminServer Progress avec rmi://localhost:20931/Chimera (8280)
En cours de recherche de oapp_prod (8288)
En cours de connexion Ó oapp_prod (8276)
Dķmarrage du service oapp_prod en cours. Vķrification du statut. (8296)
FIN - 20251130-05:45:01
==========================================


==========================================
OpenEdge Release 11.7.20 as of Thu Aug  8 10:06:00 EDT 2024


En cours de connexion Ó l'AdminServer Progress avec rmi://localhost:20931/Chimera (8280)
En cours de recherche de oapp_prod (8288)
En cours de connexion Ó oapp_prod (8276)
Dķmarrage du service oapp_prod en cours. Vķrification du statut. (8296)
FIN - 20251201-05:45:01
==========================================


==========================================
OpenEdge Release 11.7.20 as of Thu Aug  8 10:06:00 EDT 2024


En cours de connexion Ó l'AdminServer Progress avec rmi://localhost:20931/Chimera (8280)
En cours de recherche de oapp_prod (8288)
En cours de connexion Ó oapp_prod (8276)
Dķmarrage du service oapp_prod en cours. Vķrification du statut. (8296)
FIN - 20251202-05:45:01
==========================================


==========================================
OpenEdge Release 11.7.20 as of Thu Aug  8 10:06:00 EDT 2024


En cours de connexion Ó l'AdminServer Progress avec rmi://localhost:20931/Chimera (8280)
En cours de recherche de oapp_prod (8288)
En cours de connexion Ó oapp_prod (8276)
Dķmarrage du service oapp_prod en cours. Vķrification du statut. (8296)
FIN - 20251203-05:45:01
==========================================


==========================================
OpenEdge Release 11.7.20 as of Thu Aug  8 10:06:00 EDT 2024


En cours de connexion Ó l'AdminServer Progress avec rmi://localhost:20931/Chimera (8280)
En cours de recherche de oapp_prod (8288)
En cours de connexion Ó oapp_prod (8276)
Dķmarrage du service oapp_prod en cours. Vķrification du statut. (8296)
FIN - 20251204-05:45:01
==========================================


==========================================
OpenEdge Release 11.7.20 as of Thu Aug  8 10:06:00 EDT 2024


En cours de connexion Ó l'AdminServer Progress avec rmi://localhost:20931/Chimera (8280)
En cours de recherche de oapp_prod (8288)
En cours de connexion Ó oapp_prod (8276)
Dķmarrage du service oapp_prod en cours. Vķrification du statut. (8296)
FIN - 20251205-05:45:01
==========================================


==========================================
OpenEdge Release 11.7.20 as of Thu Aug  8 10:06:00 EDT 2024


En cours de connexion Ó l'AdminServer Progress avec rmi://localhost:20931/Chimera (8280)
En cours de recherche de oapp_prod (8288)
En cours de connexion Ó oapp_prod (8276)
Dķmarrage du service oapp_prod en cours. Vķrification du statut. (8296)
FIN - 20251206-05:45:01
==========================================


==========================================
OpenEdge Release 11.7.20 as of Thu Aug  8 10:06:00 EDT 2024


En cours de connexion Ó l'AdminServer Progress avec rmi://localhost:20931/Chimera (8280)
En cours de recherche de oapp_prod (8288)
En cours de connexion Ó oapp_prod (8276)
Dķmarrage du service oapp_prod en cours. Vķrification du statut. (8296)
FIN - 20251207-05:45:01
==========================================


==========================================
OpenEdge Release 11.7.20 as of Thu Aug  8 10:06:00 EDT 2024


En cours de connexion Ó l'AdminServer Progress avec rmi://localhost:20931/Chimera (8280)
En cours de recherche de oapp_prod (8288)
En cours de connexion Ó oapp_prod (8276)
Dķmarrage du service oapp_prod en cours. Vķrification du statut. (8296)
FIN - 20251208-05:45:02
==========================================


==========================================
OpenEdge Release 11.7.20 as of Thu Aug  8 10:06:00 EDT 2024


En cours de connexion Ó l'AdminServer Progress avec rmi://localhost:20931/Chimera (8280)
En cours de recherche de oapp_prod (8288)
En cours de connexion Ó oapp_prod (8276)
Dķmarrage du service oapp_prod en cours. Vķrification du statut. (8296)
FIN - 20251209-05:45:01
==========================================


==========================================
OpenEdge Release 11.7.20 as of Thu Aug  8 10:06:00 EDT 2024


En cours de connexion Ó l'AdminServer Progress avec rmi://localhost:20931/Chimera (8280)
En cours de recherche de oapp_prod (8288)
En cours de connexion Ó oapp_prod (8276)
Dķmarrage du service oapp_prod en cours. Vķrification du statut. (8296)
FIN - 20251210-05:45:01
==========================================


==========================================
OpenEdge Release 11.7.20 as of Thu Aug  8 10:06:00 EDT 2024


En cours de connexion Ó l'AdminServer Progress avec rmi://localhost:20931/Chimera (8280)
En cours de recherche de oapp_prod (8288)
En cours de connexion Ó oapp_prod (8276)
Dķmarrage du service oapp_prod en cours. Vķrification du statut. (8296)
FIN - 20251211-05:45:01
==========================================


==========================================
OpenEdge Release 11.7.20 as of Thu Aug  8 10:06:00 EDT 2024


En cours de connexion Ó l'AdminServer Progress avec rmi://localhost:20931/Chimera (8280)
En cours de recherche de oapp_prod (8288)
En cours de connexion Ó oapp_prod (8276)
Dķmarrage du service oapp_prod en cours. Vķrification du statut. (8296)
FIN - 20251212-05:45:01
==========================================


==========================================
OpenEdge Release 11.7.20 as of Thu Aug  8 10:06:00 EDT 2024


En cours de connexion Ó l'AdminServer Progress avec rmi://localhost:20931/Chimera (8280)
En cours de recherche de oapp_prod (8288)
En cours de connexion Ó oapp_prod (8276)
Dķmarrage du service oapp_prod en cours. Vķrification du statut. (8296)
FIN - 20251213-05:45:02
==========================================


==========================================
OpenEdge Release 11.7.20 as of Thu Aug  8 10:06:00 EDT 2024


En cours de connexion Ó l'AdminServer Progress avec rmi://localhost:20931/Chimera (8280)
En cours de recherche de oapp_prod (8288)
En cours de connexion Ó oapp_prod (8276)
Dķmarrage du service oapp_prod en cours. Vķrification du statut. (8296)
FIN - 20251214-05:45:01
==========================================


==========================================
OpenEdge Release 11.7.20 as of Thu Aug  8 10:06:00 EDT 2024


En cours de connexion Ó l'AdminServer Progress avec rmi://localhost:20931/Chimera (8280)
En cours de recherche de oapp_prod (8288)
En cours de connexion Ó oapp_prod (8276)
Dķmarrage du service oapp_prod en cours. Vķrification du statut. (8296)
FIN - 20251215-05:45:01
==========================================


==========================================
OpenEdge Release 11.7.20 as of Thu Aug  8 10:06:00 EDT 2024


En cours de connexion Ó l'AdminServer Progress avec rmi://localhost:20931/Chimera (8280)
En cours de recherche de oapp_prod (8288)
En cours de connexion Ó oapp_prod (8276)
Dķmarrage du service oapp_prod en cours. Vķrification du statut. (8296)
FIN - 20251215-14:02:15
==========================================


==========================================
OpenEdge Release 11.7.20 as of Thu Aug  8 10:06:00 EDT 2024


En cours de connexion Ó l'AdminServer Progress avec rmi://localhost:20931/Chimera (8280)
En cours de recherche de oapp_prod (8288)
En cours de connexion Ó oapp_prod (8276)
Dķmarrage du service oapp_prod en cours. Vķrification du statut. (8296)
FIN - 20251216-05:45:01
==========================================


==========================================
OpenEdge Release 11.7.20 as of Thu Aug  8 10:06:00 EDT 2024


En cours de connexion Ó l'AdminServer Progress avec rmi://localhost:20931/Chimera (8280)
En cours de recherche de oapp_prod (8288)
En cours de connexion Ó oapp_prod (8276)
Dķmarrage du service oapp_prod en cours. Vķrification du statut. (8296)
FIN - 20251217-05:45:01
==========================================


==========================================
OpenEdge Release 11.7.20 as of Thu Aug  8 10:06:00 EDT 2024


En cours de connexion Ó l'AdminServer Progress avec rmi://localhost:20931/Chimera (8280)
En cours de recherche de oapp_prod (8288)
En cours de connexion Ó oapp_prod (8276)
Dķmarrage du service oapp_prod en cours. Vķrification du statut. (8296)
FIN - 20251218-05:45:01
==========================================


==========================================
OpenEdge Release 11.7.20 as of Thu Aug  8 10:06:00 EDT 2024


En cours de connexion Ó l'AdminServer Progress avec rmi://localhost:20931/Chimera (8280)
En cours de recherche de oapp_prod (8288)
En cours de connexion Ó oapp_prod (8276)
Dķmarrage du service oapp_prod en cours. Vķrification du statut. (8296)
FIN - 20251219-05:45:01
==========================================


==========================================
OpenEdge Release 11.7.20 as of Thu Aug  8 10:06:00 EDT 2024


En cours de connexion Ó l'AdminServer Progress avec rmi://localhost:20931/Chimera (8280)
En cours de recherche de oapp_prod (8288)
En cours de connexion Ó oapp_prod (8276)
Dķmarrage du service oapp_prod en cours. Vķrification du statut. (8296)
FIN - 20251220-05:45:01
==========================================


==========================================
OpenEdge Release 11.7.20 as of Thu Aug  8 10:06:00 EDT 2024


En cours de connexion Ó l'AdminServer Progress avec rmi://localhost:20931/Chimera (8280)
En cours de recherche de oapp_prod (8288)
En cours de connexion Ó oapp_prod (8276)
Dķmarrage du service oapp_prod en cours. Vķrification du statut. (8296)
FIN - 20251221-05:45:01
==========================================


==========================================
OpenEdge Release 11.7.20 as of Thu Aug  8 10:06:00 EDT 2024


En cours de connexion Ó l'AdminServer Progress avec rmi://localhost:20931/Chimera (8280)
En cours de recherche de oapp_prod (8288)
En cours de connexion Ó oapp_prod (8276)
Dķmarrage du service oapp_prod en cours. Vķrification du statut. (8296)
FIN - 20251222-05:45:01
==========================================


==========================================
OpenEdge Release 11.7.20 as of Thu Aug  8 10:06:00 EDT 2024


En cours de connexion Ó l'AdminServer Progress avec rmi://localhost:20931/Chimera (8280)
En cours de recherche de oapp_prod (8288)
En cours de connexion Ó oapp_prod (8276)
Dķmarrage du service oapp_prod en cours. Vķrification du statut. (8296)
FIN - 20251223-05:45:01
==========================================


==========================================
OpenEdge Release 11.7.20 as of Thu Aug  8 10:06:00 EDT 2024


En cours de connexion Ó l'AdminServer Progress avec rmi://localhost:20931/Chimera (8280)
En cours de recherche de oapp_prod (8288)
En cours de connexion Ó oapp_prod (8276)
Dķmarrage du service oapp_prod en cours. Vķrification du statut. (8296)
FIN - 20251224-05:45:01
==========================================


==========================================
OpenEdge Release 11.7.20 as of Thu Aug  8 10:06:00 EDT 2024


En cours de connexion Ó l'AdminServer Progress avec rmi://localhost:20931/Chimera (8280)
En cours de recherche de oapp_prod (8288)
En cours de connexion Ó oapp_prod (8276)
Dķmarrage du service oapp_prod en cours. Vķrification du statut. (8296)
FIN - 20251225-05:45:01
==========================================


==========================================
OpenEdge Release 11.7.20 as of Thu Aug  8 10:06:00 EDT 2024


En cours de connexion Ó l'AdminServer Progress avec rmi://localhost:20931/Chimera (8280)
En cours de recherche de oapp_prod (8288)
En cours de connexion Ó oapp_prod (8276)
Dķmarrage du service oapp_prod en cours. Vķrification du statut. (8296)
FIN - 20251226-05:45:01
==========================================


==========================================
OpenEdge Release 11.7.20 as of Thu Aug  8 10:06:00 EDT 2024


En cours de connexion Ó l'AdminServer Progress avec rmi://localhost:20931/Chimera (8280)
En cours de recherche de oapp_prod (8288)
En cours de connexion Ó oapp_prod (8276)
Dķmarrage du service oapp_prod en cours. Vķrification du statut. (8296)
FIN - 20251227-05:45:01
==========================================


==========================================
OpenEdge Release 11.7.20 as of Thu Aug  8 10:06:00 EDT 2024


En cours de connexion Ó l'AdminServer Progress avec rmi://localhost:20931/Chimera (8280)
En cours de recherche de oapp_prod (8288)
En cours de connexion Ó oapp_prod (8276)
Dķmarrage du service oapp_prod en cours. Vķrification du statut. (8296)
FIN - 20251228-05:45:01
==========================================


==========================================
OpenEdge Release 11.7.20 as of Thu Aug  8 10:06:00 EDT 2024


En cours de connexion Ó l'AdminServer Progress avec rmi://localhost:20931/Chimera (8280)
En cours de recherche de oapp_prod (8288)
En cours de connexion Ó oapp_prod (8276)
Dķmarrage du service oapp_prod en cours. Vķrification du statut. (8296)
FIN - 20251229-05:45:01
==========================================


==========================================
OpenEdge Release 11.7.20 as of Thu Aug  8 10:06:00 EDT 2024


En cours de connexion Ó l'AdminServer Progress avec rmi://localhost:20931/Chimera (8280)
En cours de recherche de oapp_prod (8288)
En cours de connexion Ó oapp_prod (8276)
Dķmarrage du service oapp_prod en cours. Vķrification du statut. (8296)
FIN - 20251230-05:45:01
==========================================


==========================================
OpenEdge Release 11.7.20 as of Thu Aug  8 10:06:00 EDT 2024


En cours de connexion Ó l'AdminServer Progress avec rmi://localhost:20931/Chimera (8280)
En cours de recherche de oapp_prod (8288)
En cours de connexion Ó oapp_prod (8276)
Dķmarrage du service oapp_prod en cours. Vķrification du statut. (8296)
FIN - 20251231-05:45:01
==========================================


==========================================
OpenEdge Release 11.7.20 as of Thu Aug  8 10:06:00 EDT 2024


En cours de connexion Ó l'AdminServer Progress avec rmi://localhost:20931/Chimera (8280)
En cours de recherche de oapp_prod (8288)
En cours de connexion Ó oapp_prod (8276)
Dķmarrage du service oapp_prod en cours. Vķrification du statut. (8296)
FIN - 20251231-14:05:50
==========================================


==========================================
OpenEdge Release 11.7.20 as of Thu Aug  8 10:06:00 EDT 2024


En cours de connexion Ó l'AdminServer Progress avec rmi://localhost:20931/Chimera (8280)
En cours de recherche de oapp_prod (8288)
En cours de connexion Ó oapp_prod (8276)
Dķmarrage du service oapp_prod en cours. Vķrification du statut. (8296)
FIN - 20260101-05:45:01
==========================================


==========================================
OpenEdge Release 11.7.20 as of Thu Aug  8 10:06:00 EDT 2024


En cours de connexion Ó l'AdminServer Progress avec rmi://localhost:20931/Chimera (8280)
En cours de recherche de oapp_prod (8288)
En cours de connexion Ó oapp_prod (8276)
Dķmarrage du service oapp_prod en cours. Vķrification du statut. (8296)
FIN - 20260102-05:45:02
==========================================


==========================================
OpenEdge Release 11.7.20 as of Thu Aug  8 10:06:00 EDT 2024


En cours de connexion Ó l'AdminServer Progress avec rmi://localhost:20931/Chimera (8280)
En cours de recherche de oapp_prod (8288)
En cours de connexion Ó oapp_prod (8276)
Dķmarrage du service oapp_prod en cours. Vķrification du statut. (8296)
FIN - 20260103-05:45:01
==========================================


==========================================
OpenEdge Release 11.7.20 as of Thu Aug  8 10:06:00 EDT 2024


En cours de connexion Ó l'AdminServer Progress avec rmi://localhost:20931/Chimera (8280)
En cours de recherche de oapp_prod (8288)
En cours de connexion Ó oapp_prod (8276)
Dķmarrage du service oapp_prod en cours. Vķrification du statut. (8296)
FIN - 20260104-05:45:01
==========================================


==========================================
OpenEdge Release 11.7.20 as of Thu Aug  8 10:06:00 EDT 2024


En cours de connexion Ó l'AdminServer Progress avec rmi://localhost:20931/Chimera (8280)
En cours de recherche de oapp_prod (8288)
En cours de connexion Ó oapp_prod (8276)
Dķmarrage du service oapp_prod en cours. Vķrification du statut. (8296)
FIN - 20260105-05:45:01
==========================================


==========================================
OpenEdge Release 11.7.20 as of Thu Aug  8 10:06:00 EDT 2024


En cours de connexion Ó l'AdminServer Progress avec rmi://localhost:20931/Chimera (8280)
En cours de recherche de oapp_prod (8288)
En cours de connexion Ó oapp_prod (8276)
Dķmarrage du service oapp_prod en cours. Vķrification du statut. (8296)
FIN - 20260106-05:45:01
==========================================

