______________________________________________________________________________

CAUAJM_I_50154 Running the Chase process.
______________________________________________________________________________

______________________________________________________________________________

CAUAJM_I_50158 Checking on jobs in the STARTING state...
CAUAJM_I_50159 There are no jobs that have been in the STARTING state
CAUAJM_I_50160 more than 120 seconds.

______________________________________________________________________________

CAUAJM_I_50158 Checking on jobs in the RUNNING state...
______________________________________________________________________________

CAUAJM_I_50166 Examining job: tq21Cald                        on machine: parva4000839
CAUAJM_I_50173 The FT job is still running.
______________________________________________________________________________

CAUAJM_I_50166 Examining job: tiv1Cald                        on machine: parva4000839
CAUAJM_I_50173 The FT job is still running.
______________________________________________________________________________

CAUAJM_I_50166 Examining job: tv11Cald                        on machine: parva4000839
CAUAJM_I_50173 The FT job is still running.
______________________________________________________________________________

CAUAJM_I_50166 Examining job: trv2Cald                        on machine: parva4000839
CAUAJM_I_50173 The FT job is still running.
______________________________________________________________________________

CAUAJM_I_50166 Examining job: tuvbCald                        on machine: parva4000839
CAUAJM_I_50173 The FT job is still running.
______________________________________________________________________________

CAUAJM_I_50166 Examining job: tzv7Cald                        on machine: parva4000839
CAUAJM_I_50173 The FT job is still running.
______________________________________________________________________________

CAUAJM_I_50166 Examining job: tr36Cald                        on machine: parva4000839
CAUAJM_I_50173 The FT job is still running.
______________________________________________________________________________

CAUAJM_I_50166 Examining job: zqv3Cald                        on machine: parva4000839
CAUAJM_I_50173 The FT job is still running.
______________________________________________________________________________

CAUAJM_I_50166 Examining job: j9s1Cald_j9st01_01              on machine: parva4000839
CAUAJM_I_50172 Both the agent and the job are still running.
______________________________________________________________________________

CAUAJM_I_50166 Examining job: tk02Cald                        on machine: parva4000839
CAUAJM_I_50173 The FT job is still running.
______________________________________________________________________________

CAUAJM_I_50166 Examining job: jtp8Cald_jcics8_01              on machine: parva4000839
CAUAJM_I_50172 Both the agent and the job are still running.
______________________________________________________________________________

CAUAJM_I_50166 Examining job: z9v3Cald                        on machine: parva4000839
CAUAJM_I_50173 The FT job is still running.
______________________________________________________________________________

CAUAJM_I_50166 Examining job: tzv4Cald                        on machine: parva4000839
CAUAJM_I_50173 The FT job is still running.
______________________________________________________________________________

CAUAJM_I_50166 Examining job: twj1Cald                        on machine: parva4000839
CAUAJM_I_50173 The FT job is still running.
______________________________________________________________________________

CAUAJM_I_50166 Examining job: tv21Cald                        on machine: parva4000839
CAUAJM_I_50173 The FT job is still running.
______________________________________________________________________________

CAUAJM_I_50166 Examining job: zhv1Cald                        on machine: parva4000839
CAUAJM_I_50173 The FT job is still running.
______________________________________________________________________________

CAUAJM_I_50166 Examining job: tvt3Cald                        on machine: parva4000839
CAUAJM_I_50173 The FT job is still running.
______________________________________________________________________________

CAUAJM_I_50166 Examining job: tv22Cald                        on machine: parva4000839
CAUAJM_I_50173 The FT job is still running.
______________________________________________________________________________

CAUAJM_I_50166 Examining job: tgv1Cald                        on machine: parva4000839
CAUAJM_I_50173 The FT job is still running.
______________________________________________________________________________

CAUAJM_I_50166 Examining job: txv1Cald                        on machine: parva4000839
CAUAJM_I_50173 The FT job is still running.
______________________________________________________________________________

CAUAJM_I_50166 Examining job: ttv1Cald                        on machine: parva4000839
CAUAJM_I_50173 The FT job is still running.
______________________________________________________________________________

CAUAJM_I_50166 Examining job: ttv1Cald                        on machine: parva4000839
CAUAJM_I_50173 The FT job is still running.
______________________________________________________________________________

CAUAJM_I_50166 Examining job: trsfCald                        on machine: parva4000839
CAUAJM_I_50173 The FT job is still running.
______________________________________________________________________________

CAUAJM_I_50166 Examining job: cb02Cald                        on machine: parva4000839
CAUAJM_I_50173 The FT job is still running.
______________________________________________________________________________

CAUAJM_I_50166 Examining job: tst2Cald                        on machine: parva4000839
CAUAJM_I_50173 The FT job is still running.
______________________________________________________________________________

CAUAJM_I_50166 Examining job: ts01Cald                        on machine: parva4000839
CAUAJM_I_50173 The FT job is still running.
______________________________________________________________________________

CAUAJM_I_50166 Examining job: z9v4Cald                        on machine: parva4000839
CAUAJM_I_50173 The FT job is still running.
______________________________________________________________________________

CAUAJM_I_50166 Examining job: tvt2Cald                        on machine: parva4000839
CAUAJM_I_50173 The FT job is still running.
______________________________________________________________________________

CAUAJM_I_50166 Examining job: ttv4Cald                        on machine: parva4000839
CAUAJM_I_50173 The FT job is still running.
______________________________________________________________________________

CAUAJM_I_50166 Examining job: zq22Cald                        on machine: parva4000839
CAUAJM_I_50173 The FT job is still running.
______________________________________________________________________________

CAUAJM_I_50166 Examining job: z9v1Cald                        on machine: parva4000839
CAUAJM_I_50173 The FT job is still running.
______________________________________________________________________________

CAUAJM_I_50166 Examining job: tqv3Cald                        on machine: parva4000839
CAUAJM_I_50173 The FT job is still running.
______________________________________________________________________________

CAUAJM_I_50166 Examining job: z9v5Cald                        on machine: parva4000839
CAUAJM_I_50173 The FT job is still running.
______________________________________________________________________________

CAUAJM_I_50166 Examining job: zq12Cald                        on machine: parva4000839
CAUAJM_I_50173 The FT job is still running.
______________________________________________________________________________

CAUAJM_I_50166 Examining job: trf3Cald                        on machine: parva4000839
CAUAJM_I_50173 The FT job is still running.
______________________________________________________________________________

CAUAJM_I_50166 Examining job: ts11Cald                        on machine: parva4000839
CAUAJM_I_50173 The FT job is still running.
______________________________________________________________________________

CAUAJM_I_50166 Examining job: tvl4Cald                        on machine: parva4000839
CAUAJM_I_50173 The FT job is still running.
______________________________________________________________________________

CAUAJM_I_50166 Examining job: tjq4Cald                        on machine: parva4000839
CAUAJM_I_50173 The FT job is still running.
______________________________________________________________________________

CAUAJM_I_50166 Examining job: ts22Cald                        on machine: parva4000839
CAUAJM_I_50173 The FT job is still running.
______________________________________________________________________________

CAUAJM_I_50166 Examining job: ts13Cald                        on machine: parva4000839
CAUAJM_I_50173 The FT job is still running.
______________________________________________________________________________

CAUAJM_I_50166 Examining job: ts21Cald                        on machine: parva4000839
CAUAJM_I_50173 The FT job is still running.
______________________________________________________________________________

CAUAJM_I_50166 Examining job: trvaCald                        on machine: parva4000839
CAUAJM_I_50173 The FT job is still running.
______________________________________________________________________________

CAUAJM_I_50166 Examining job: trvaCald                        on machine: parva4000839
CAUAJM_I_50173 The FT job is still running.
______________________________________________________________________________

CAUAJM_I_50166 Examining job: ts12Cald                        on machine: parva4000839
CAUAJM_I_50173 The FT job is still running.
______________________________________________________________________________

CAUAJM_I_50166 Examining job: txrqCald                        on machine: parva4000839
CAUAJM_I_50173 The FT job is still running.
______________________________________________________________________________

CAUAJM_I_50166 Examining job: tq11Cald                        on machine: parva4000839
CAUAJM_I_50173 The FT job is still running.
______________________________________________________________________________

CAUAJM_I_50166 Examining job: ti73Cald                        on machine: parva4000839
CAUAJM_I_50173 The FT job is still running.
______________________________________________________________________________

CAUAJM_I_50166 Examining job: tfv1Cald                        on machine: parva4000839
CAUAJM_I_50173 The FT job is still running.
______________________________________________________________________________

CAUAJM_I_50166 Examining job: z9v2Cald                        on machine: parva4000839
CAUAJM_I_50173 The FT job is still running.
______________________________________________________________________________

CAUAJM_I_50166 Examining job: tiv2Cald                        on machine: parva4000839
CAUAJM_I_50173 The FT job is still running.
______________________________________________________________________________

CAUAJM_I_50166 Examining job: zxv1Cald                        on machine: parva4000839
CAUAJM_I_50173 The FT job is still running.
______________________________________________________________________________

CAUAJM_I_50166 Examining job: tvt1Cald                        on machine: parva4000839
CAUAJM_I_50173 The FT job is still running.
______________________________________________________________________________

CAUAJM_I_50166 Examining job: txrpCald                        on machine: parva4000839
CAUAJM_I_50173 The FT job is still running.
______________________________________________________________________________

CAUAJM_I_50166 Examining job: trv1Cald                        on machine: parva4000839
CAUAJM_I_50173 The FT job is still running.
______________________________________________________________________________

CAUAJM_I_50166 Examining job: tqv1Cald                        on machine: parva4000839
CAUAJM_I_50173 The FT job is still running.
______________________________________________________________________________

CAUAJM_I_50166 Examining job: tvzaCald                        on machine: parva4000839
CAUAJM_I_50173 The FT job is still running.
______________________________________________________________________________

CAUAJM_I_50166 Examining job: tmv1Cald                        on machine: parva4000839
CAUAJM_I_50173 The FT job is still running.
______________________________________________________________________________

CAUAJM_I_50166 Examining job: ts23Cald                        on machine: parva4000839
CAUAJM_I_50173 The FT job is still running.
______________________________________________________________________________

CAUAJM_I_50166 Examining job: zqv1Cald                        on machine: parva4000839
CAUAJM_I_50173 The FT job is still running.
______________________________________________________________________________

CAUAJM_I_50166 Examining job: tsp3Cald                        on machine: parva4000839
CAUAJM_I_50173 The FT job is still running.
______________________________________________________________________________

CAUAJM_I_50166 Examining job: twCuCald                        on machine: parva4000839
CAUAJM_I_50173 The FT job is still running.
______________________________________________________________________________

CAUAJM_I_50166 Examining job: tbv3Cald                        on machine: parva4000839
CAUAJM_I_50173 The FT job is still running.
______________________________________________________________________________

CAUAJM_I_50166 Examining job: cb01Cald                        on machine: parva4000839
CAUAJM_I_50173 The FT job is still running.
______________________________________________________________________________

CAUAJM_I_50166 Examining job: cb01Cald                        on machine: parva4000839
CAUAJM_I_50173 The FT job is still running.
______________________________________________________________________________

CAUAJM_I_50166 Examining job: tv12Cald                        on machine: parva4000839
CAUAJM_I_50173 The FT job is still running.
______________________________________________________________________________

CAUAJM_I_50166 Examining job: tsa2Cald                        on machine: parva4000839
CAUAJM_I_50173 The FT job is still running.
______________________________________________________________________________

CAUAJM_I_50166 Examining job: tzv8Cald                        on machine: parva4000839
CAUAJM_I_50173 The FT job is still running.
______________________________________________________________________________

CAUAJM_I_50166 Examining job: thv1Cald                        on machine: parva4000839
CAUAJM_I_50173 The FT job is still running.
______________________________________________________________________________

CAUAJM_I_50166 Examining job: tsv1Cald                        on machine: parva4000839
CAUAJM_I_50173 The FT job is still running.
______________________________________________________________________________

CAUAJM_I_50155 Chase is done.
______________________________________________________________________________

